[2025-06-27 08:49:35] ĞĞ°Ñ‡Ğ°Ğ»Ğ¾ Ğ²Ñ‹Ğ¿Ğ¾Ğ»Ğ½ĞµĞ½Ğ¸Ñ ÑĞºÑ€Ğ¸Ğ¿Ñ‚Ğ°
[2025-06-27 08:49:35] ĞŸÑ€Ğ¾Ğ²ĞµÑ€ĞºĞ° Ğ·Ğ°Ğ²Ğ¸ÑĞ¸Ğ¼Ğ¾ÑÑ‚ĞµĞ¹
[2025-06-27 08:49:35] Ğ’ÑĞµ Ğ·Ğ°Ğ²Ğ¸ÑĞ¸Ğ¼Ğ¾ÑÑ‚Ğ¸ Ğ½Ğ°Ğ¹Ğ´ĞµĞ½Ñ‹
[2025-06-27 08:49:35] ĞÑ‡Ğ¸ÑÑ‚ĞºĞ° ĞºÑÑˆĞ° Docker
Total reclaimed space: 0B
Total reclaimed space: 0B
[2025-06-27 08:49:35] Ğ¡Ğ¾Ğ·Ğ´Ğ°Ğ½Ğ¸Ğµ Ğ´Ğ¸Ñ€ĞµĞºÑ‚Ğ¾Ñ€Ğ¸Ğ¸ Ğ¿Ñ€Ğ¾ĞµĞºÑ‚Ğ°: /home/user/test-webapp
[2025-06-27 08:49:35] Ğ¡Ğ¾Ğ·Ğ´Ğ°Ğ½Ğ¸Ğµ ÑÑ‚Ñ€ÑƒĞºÑ‚ÑƒÑ€Ñ‹ Ğ´Ğ¸Ñ€ĞµĞºÑ‚Ğ¾Ñ€Ğ¸Ğ¹
[2025-06-27 08:49:35] Ğ¡Ğ¾Ğ·Ğ´Ğ°Ğ½Ğ¸Ğµ docker-compose.yml
[2025-06-27 08:49:35] Ğ¡Ğ¾Ğ·Ğ´Ğ°Ğ½Ğ¸Ğµ .env.example
[2025-06-27 08:49:35] ĞšĞ¾Ğ¿Ğ¸Ñ€Ğ¾Ğ²Ğ°Ğ½Ğ¸Ğµ .env Ğ¸ Ğ³ĞµĞ½ĞµÑ€Ğ°Ñ†Ğ¸Ñ SECRET_KEY
[2025-06-27 08:49:35] Ğ¡Ğ¾Ğ·Ğ´Ğ°Ğ½Ğ¸Ğµ backend/Dockerfile
[2025-06-27 08:49:35] Ğ¡Ğ¾Ğ·Ğ´Ğ°Ğ½Ğ¸Ğµ backend/requirements.txt
[2025-06-27 08:49:35] Ğ¡Ğ¾Ğ·Ğ´Ğ°Ğ½Ğ¸Ğµ backend/app/main.py
[2025-06-27 08:49:35] Ğ¡Ğ¾Ğ·Ğ´Ğ°Ğ½Ğ¸Ğµ backend/app/database.py
[2025-06-27 08:49:35] Ğ¡Ğ¾Ğ·Ğ´Ğ°Ğ½Ğ¸Ğµ backend/app/models.py
[2025-06-27 08:49:35] Ğ¡Ğ¾Ğ·Ğ´Ğ°Ğ½Ğ¸Ğµ backend/app/auth.py
[2025-06-27 08:49:35] Ğ¡Ğ¾Ğ·Ğ´Ğ°Ğ½Ğ¸Ğµ backend/app/routers/user.py
[2025-06-27 08:49:35] Ğ¡Ğ¾Ğ·Ğ´Ğ°Ğ½Ğ¸Ğµ backend/app/routers/product.py
[2025-06-27 08:49:35] Ğ¡Ğ¾Ğ·Ğ´Ğ°Ğ½Ğ¸Ğµ backend/app/routers/article.py
[2025-06-27 08:49:35] Ğ¡Ğ¾Ğ·Ğ´Ğ°Ğ½Ğ¸Ğµ backend/app/routers/comment.py
[2025-06-27 08:49:35] Ğ¡Ğ¾Ğ·Ğ´Ğ°Ğ½Ğ¸Ğµ frontend/index.html
[2025-06-27 08:49:35] Ğ¡Ğ¾Ğ·Ğ´Ğ°Ğ½Ğ¸Ğµ frontend/register.html
[2025-06-27 08:49:35] Ğ¡Ğ¾Ğ·Ğ´Ğ°Ğ½Ğ¸Ğµ frontend/login.html
[2025-06-27 08:49:35] Ğ¡Ğ¾Ğ·Ğ´Ğ°Ğ½Ğ¸Ğµ frontend/products.html
[2025-06-27 08:49:35] Ğ¡Ğ¾Ğ·Ğ´Ğ°Ğ½Ğ¸Ğµ frontend/cart.html
[2025-06-27 08:49:35] Ğ¡Ğ¾Ğ·Ğ´Ğ°Ğ½Ğ¸Ğµ frontend/articles.html
[2025-06-27 08:49:35] Ğ¡Ğ¾Ğ·Ğ´Ğ°Ğ½Ğ¸Ğµ frontend/css/styles.css
[2025-06-27 08:49:35] Ğ¡Ğ¾Ğ·Ğ´Ğ°Ğ½Ğ¸Ğµ frontend/js/main.js
[2025-06-27 08:49:35] Ğ¡Ğ¾Ğ·Ğ´Ğ°Ğ½Ğ¸Ğµ frontend/js/register.js
[2025-06-27 08:49:35] Ğ¡Ğ¾Ğ·Ğ´Ğ°Ğ½Ğ¸Ğµ frontend/js/products.js
[2025-06-27 08:49:35] Ğ¡Ğ¾Ğ·Ğ´Ğ°Ğ½Ğ¸Ğµ frontend/js/cart.js
[2025-06-27 08:49:35] Ğ¡Ğ¾Ğ·Ğ´Ğ°Ğ½Ğ¸Ğµ frontend/js/articles.js
[2025-06-27 08:49:35] Ğ¡Ğ¾Ğ·Ğ´Ğ°Ğ½Ğ¸Ğµ frontend/Dockerfile
[2025-06-27 08:49:35] Ğ¡Ğ¾Ğ·Ğ´Ğ°Ğ½Ğ¸Ğµ docs/readme.md
[2025-06-27 08:49:35] Ğ¡Ğ¾Ğ·Ğ´Ğ°Ğ½Ğ¸Ğµ docs/postman_collection.json
[2025-06-27 08:49:35] Ğ—Ğ°Ğ¿ÑƒÑĞº ĞºĞ¾Ğ½Ñ‚ĞµĞ¹Ğ½ĞµÑ€Ğ¾Ğ²
Creating network "test-webapp_default" with the default driver
Pulling db (mysql:8.0)...
8.0: Pulling from library/mysql
Digest: sha256:ea507a449a36891e6712925d8ef67e208870f3cf58934d2e60abae7c406c0bc6
Status: Downloaded newer image for mysql:8.0
Building backend
#0 building with "default" instance using docker driver

#1 [internal] load build definition from Dockerfile
#1 transferring dockerfile: 233B done
#1 DONE 0.0s

#2 [internal] load metadata for docker.io/library/python:3.10-slim
#2 DONE 2.2s

#3 [internal] load .dockerignore
#3 transferring context: 2B done
#3 DONE 0.0s

#4 [internal] load build context
#4 transferring context: 8.81kB done
#4 DONE 0.0s

#5 [1/5] FROM docker.io/library/python:3.10-slim@sha256:034724ef64585eeb0e82385e9aabcbeabfe5f7cae2c2dcedb1da95114372b6d7
#5 resolve docker.io/library/python:3.10-slim@sha256:034724ef64585eeb0e82385e9aabcbeabfe5f7cae2c2dcedb1da95114372b6d7 0.0s done
#5 sha256:4b03b4f4fa5c508f2b215b45a26f6dd30b310aaa2a4a24b593f630bdf07da1a8 0B / 3.51MB 0.1s
#5 sha256:50a956a18493962b03f716b86299535ce63a1d6a1a1770be582b59f8fedb46b7 0B / 15.65MB 0.1s
#5 sha256:034724ef64585eeb0e82385e9aabcbeabfe5f7cae2c2dcedb1da95114372b6d7 9.13kB / 9.13kB done
#5 sha256:fd939bec23d8e9a1274d70e24db96bceed53e56612f828098f5505086a64f523 1.75kB / 1.75kB done
#5 sha256:cce3651534b6639e18fe761c0f1bc3974459853da95ebadadc607194524d77a7 5.37kB / 5.37kB done
#5 sha256:dad67da3f26bce15939543965e09c4059533b025f707aad72ed3d3f3a09c66f8 0B / 28.23MB 0.1s
#5 sha256:dad67da3f26bce15939543965e09c4059533b025f707aad72ed3d3f3a09c66f8 5.24MB / 28.23MB 0.6s
#5 sha256:dad67da3f26bce15939543965e09c4059533b025f707aad72ed3d3f3a09c66f8 8.39MB / 28.23MB 0.7s
#5 sha256:4b03b4f4fa5c508f2b215b45a26f6dd30b310aaa2a4a24b593f630bdf07da1a8 1.05MB / 3.51MB 1.0s
#5 sha256:dad67da3f26bce15939543965e09c4059533b025f707aad72ed3d3f3a09c66f8 11.53MB / 28.23MB 1.0s
#5 sha256:4b03b4f4fa5c508f2b215b45a26f6dd30b310aaa2a4a24b593f630bdf07da1a8 3.51MB / 3.51MB 1.1s done
#5 sha256:50a956a18493962b03f716b86299535ce63a1d6a1a1770be582b59f8fedb46b7 1.05MB / 15.65MB 1.2s
#5 sha256:dad67da3f26bce15939543965e09c4059533b025f707aad72ed3d3f3a09c66f8 14.68MB / 28.23MB 1.2s
#5 sha256:c14326ed6c858d7eb04960cbc1469da7ff6192285edf9bdb9d3c4cf035105826 0B / 250B 1.2s
#5 sha256:50a956a18493962b03f716b86299535ce63a1d6a1a1770be582b59f8fedb46b7 2.10MB / 15.65MB 1.3s
#5 sha256:50a956a18493962b03f716b86299535ce63a1d6a1a1770be582b59f8fedb46b7 4.19MB / 15.65MB 1.5s
#5 sha256:dad67da3f26bce15939543965e09c4059533b025f707aad72ed3d3f3a09c66f8 16.78MB / 28.23MB 1.5s
#5 sha256:50a956a18493962b03f716b86299535ce63a1d6a1a1770be582b59f8fedb46b7 5.24MB / 15.65MB 1.6s
#5 sha256:c14326ed6c858d7eb04960cbc1469da7ff6192285edf9bdb9d3c4cf035105826 250B / 250B 1.5s done
#5 sha256:50a956a18493962b03f716b86299535ce63a1d6a1a1770be582b59f8fedb46b7 7.34MB / 15.65MB 1.9s
#5 sha256:dad67da3f26bce15939543965e09c4059533b025f707aad72ed3d3f3a09c66f8 20.97MB / 28.23MB 1.9s
#5 sha256:50a956a18493962b03f716b86299535ce63a1d6a1a1770be582b59f8fedb46b7 12.58MB / 15.65MB 2.2s
#5 sha256:dad67da3f26bce15939543965e09c4059533b025f707aad72ed3d3f3a09c66f8 28.23MB / 28.23MB 2.2s done
#5 sha256:50a956a18493962b03f716b86299535ce63a1d6a1a1770be582b59f8fedb46b7 15.65MB / 15.65MB 2.3s done
#5 extracting sha256:dad67da3f26bce15939543965e09c4059533b025f707aad72ed3d3f3a09c66f8 0.1s
#5 extracting sha256:dad67da3f26bce15939543965e09c4059533b025f707aad72ed3d3f3a09c66f8 1.4s done
#5 extracting sha256:4b03b4f4fa5c508f2b215b45a26f6dd30b310aaa2a4a24b593f630bdf07da1a8 0.1s
#5 extracting sha256:4b03b4f4fa5c508f2b215b45a26f6dd30b310aaa2a4a24b593f630bdf07da1a8 0.1s done
#5 extracting sha256:50a956a18493962b03f716b86299535ce63a1d6a1a1770be582b59f8fedb46b7 0.1s
#5 extracting sha256:50a956a18493962b03f716b86299535ce63a1d6a1a1770be582b59f8fedb46b7 0.8s done
#5 extracting sha256:c14326ed6c858d7eb04960cbc1469da7ff6192285edf9bdb9d3c4cf035105826 done
#5 DONE 4.8s

#6 [2/5] WORKDIR /app
#6 DONE 0.0s

#7 [3/5] COPY requirements.txt .
#7 DONE 0.0s

#8 [4/5] RUN pip install --no-cache-dir -r requirements.txt
#8 1.930 Collecting fastapi==0.115.0
#8 2.255   Downloading fastapi-0.115.0-py3-none-any.whl (94 kB)
#8 2.359      â”â”â”â”â”â”â”â”â”â”â”â”â”â”â”â”â”â”â”â”â”â”â”â”â”â”â”â”â”â”â”â”â”â”â”â”â”â”â” 94.6/94.6 kB 917.3 kB/s eta 0:00:00
#8 2.496 Collecting uvicorn==0.30.6
#8 2.567   Downloading uvicorn-0.30.6-py3-none-any.whl (62 kB)
#8 2.584      â”â”â”â”â”â”â”â”â”â”â”â”â”â”â”â”â”â”â”â”â”â”â”â”â”â”â”â”â”â”â”â”â”â”â”â”â”â”â”â” 62.8/62.8 kB 3.8 MB/s eta 0:00:00
#8 3.076 Collecting pydantic==2.9.2
#8 3.146   Downloading pydantic-2.9.2-py3-none-any.whl (434 kB)
#8 3.284      â”â”â”â”â”â”â”â”â”â”â”â”â”â”â”â”â”â”â”â”â”â”â”â”â”â”â”â”â”â”â”â”â”â”â”â”â”â”â” 434.9/434.9 kB 3.2 MB/s eta 0:00:00
#8 3.505 Collecting mysql-connector-python==9.0.0
#8 3.577   Downloading mysql_connector_python-9.0.0-cp310-cp310-manylinux_2_17_x86_64.whl (19.3 MB)
#8 4.674      â”â”â”â”â”â”â”â”â”â”â”â”â”â”â”â”â”â”â”â”â”â”â”â”â”â”â”â”â”â”â”â”â”â”â”â”â”â”â”â” 19.3/19.3 MB 15.1 MB/s eta 0:00:00
#8 4.799 Collecting python-jose[cryptography]==3.3.0
#8 4.868   Downloading python_jose-3.3.0-py2.py3-none-any.whl (33 kB)
#8 4.951 Collecting passlib==1.7.4
#8 5.021   Downloading passlib-1.7.4-py2.py3-none-any.whl (525 kB)
#8 5.043      â”â”â”â”â”â”â”â”â”â”â”â”â”â”â”â”â”â”â”â”â”â”â”â”â”â”â”â”â”â”â”â”â”â”â”â”â”â” 525.6/525.6 kB 28.5 MB/s eta 0:00:00
#8 5.230 Collecting bcrypt==4.2.0
#8 5.301   Downloading bcrypt-4.2.0-cp39-abi3-manylinux_2_28_x86_64.whl (273 kB)
#8 5.310      â”â”â”â”â”â”â”â”â”â”â”â”â”â”â”â”â”â”â”â”â”â”â”â”â”â”â”â”â”â”â”â”â”â”â”â”â”â” 273.8/273.8 kB 48.9 MB/s eta 0:00:00
#8 5.411 Collecting python-dotenv==1.0.1
#8 5.481   Downloading python_dotenv-1.0.1-py3-none-any.whl (19 kB)
#8 6.532 Collecting sqlalchemy==2.0.35
#8 6.603   Downloading SQLAlchemy-2.0.35-cp310-cp310-manylinux_2_17_x86_64.manylinux2014_x86_64.whl (3.1 MB)
#8 6.690      â”â”â”â”â”â”â”â”â”â”â”â”â”â”â”â”â”â”â”â”â”â”â”â”â”â”â”â”â”â”â”â”â”â”â”â”â”â”â”â” 3.1/3.1 MB 36.6 MB/s eta 0:00:00
#8 6.907 Collecting starlette<0.39.0,>=0.37.2
#8 6.978   Downloading starlette-0.38.6-py3-none-any.whl (71 kB)
#8 6.981      â”â”â”â”â”â”â”â”â”â”â”â”â”â”â”â”â”â”â”â”â”â”â”â”â”â”â”â”â”â”â”â”â”â”â”â”â”â”â” 71.5/71.5 kB 227.8 MB/s eta 0:00:00
#8 7.083 Collecting typing-extensions>=4.8.0
#8 7.152   Downloading typing_extensions-4.14.0-py3-none-any.whl (43 kB)
#8 7.155      â”â”â”â”â”â”â”â”â”â”â”â”â”â”â”â”â”â”â”â”â”â”â”â”â”â”â”â”â”â”â”â”â”â”â”â”â”â”â”â” 43.8/43.8 kB 94.4 MB/s eta 0:00:00
#8 7.257 Collecting h11>=0.8
#8 7.326   Downloading h11-0.16.0-py3-none-any.whl (37 kB)
#8 7.429 Collecting click>=7.0
#8 7.499   Downloading click-8.2.1-py3-none-any.whl (102 kB)
#8 7.502      â”â”â”â”â”â”â”â”â”â”â”â”â”â”â”â”â”â”â”â”â”â”â”â”â”â”â”â”â”â”â”â”â”â”â”â”â” 102.2/102.2 kB 230.5 MB/s eta 0:00:00
#8 7.598 Collecting annotated-types>=0.6.0
#8 7.667   Downloading annotated_types-0.7.0-py3-none-any.whl (13 kB)
#8 9.848 Collecting pydantic-core==2.23.4
#8 9.919   Downloading pydantic_core-2.23.4-cp310-cp310-manylinux_2_17_x86_64.manylinux2014_x86_64.whl (2.1 MB)
#8 9.976      â”â”â”â”â”â”â”â”â”â”â”â”â”â”â”â”â”â”â”â”â”â”â”â”â”â”â”â”â”â”â”â”â”â”â”â”â”â”â”â” 2.1/2.1 MB 37.9 MB/s eta 0:00:00
#8 10.09 Collecting ecdsa!=0.15
#8 10.16   Downloading ecdsa-0.19.1-py2.py3-none-any.whl (150 kB)
#8 10.17      â”â”â”â”â”â”â”â”â”â”â”â”â”â”â”â”â”â”â”â”â”â”â”â”â”â”â”â”â”â”â”â”â”â”â”â”â”â” 150.6/150.6 kB 43.7 MB/s eta 0:00:00
#8 10.26 Collecting rsa
#8 10.33   Downloading rsa-4.9.1-py3-none-any.whl (34 kB)
#8 10.43 Collecting pyasn1
#8 10.50   Downloading pyasn1-0.6.1-py3-none-any.whl (83 kB)
#8 10.51      â”â”â”â”â”â”â”â”â”â”â”â”â”â”â”â”â”â”â”â”â”â”â”â”â”â”â”â”â”â”â”â”â”â”â”â”â”â”â”â” 83.1/83.1 kB 83.4 MB/s eta 0:00:00
#8 11.16 Collecting cryptography>=3.4.0
#8 11.23   Downloading cryptography-45.0.4-cp37-abi3-manylinux_2_34_x86_64.whl (4.5 MB)
#8 11.38      â”â”â”â”â”â”â”â”â”â”â”â”â”â”â”â”â”â”â”â”â”â”â”â”â”â”â”â”â”â”â”â”â”â”â”â”â”â”â”â” 4.5/4.5 MB 29.4 MB/s eta 0:00:00
#8 11.90 Collecting greenlet!=0.4.17
#8 11.97   Downloading greenlet-3.2.3-cp310-cp310-manylinux_2_24_x86_64.manylinux_2_28_x86_64.whl (582 kB)
#8 11.98      â”â”â”â”â”â”â”â”â”â”â”â”â”â”â”â”â”â”â”â”â”â”â”â”â”â”â”â”â”â”â”â”â”â”â”â”â”â” 582.2/582.2 kB 38.0 MB/s eta 0:00:00
#8 12.42 Collecting cffi>=1.14
#8 12.49   Downloading cffi-1.17.1-cp310-cp310-manylinux_2_17_x86_64.manylinux2014_x86_64.whl (446 kB)
#8 12.50      â”â”â”â”â”â”â”â”â”â”â”â”â”â”â”â”â”â”â”â”â”â”â”â”â”â”â”â”â”â”â”â”â”â”â”â”â”â” 446.2/446.2 kB 33.5 MB/s eta 0:00:00
#8 12.60 Collecting six>=1.9.0
#8 12.67   Downloading six-1.17.0-py2.py3-none-any.whl (11 kB)
#8 12.80 Collecting anyio<5,>=3.4.0
#8 12.87   Downloading anyio-4.9.0-py3-none-any.whl (100 kB)
#8 12.87      â”â”â”â”â”â”â”â”â”â”â”â”â”â”â”â”â”â”â”â”â”â”â”â”â”â”â”â”â”â”â”â”â”â”â”â”â”â” 100.9/100.9 kB 38.0 MB/s eta 0:00:00
#8 13.00 Collecting idna>=2.8
#8 13.07   Downloading idna-3.10-py3-none-any.whl (70 kB)
#8 13.08      â”â”â”â”â”â”â”â”â”â”â”â”â”â”â”â”â”â”â”â”â”â”â”â”â”â”â”â”â”â”â”â”â”â”â”â”â”â”â”â” 70.4/70.4 kB 46.3 MB/s eta 0:00:00
#8 13.16 Collecting sniffio>=1.1
#8 13.23   Downloading sniffio-1.3.1-py3-none-any.whl (10 kB)
#8 13.32 Collecting exceptiongroup>=1.0.2
#8 13.39   Downloading exceptiongroup-1.3.0-py3-none-any.whl (16 kB)
#8 13.49 Collecting pycparser
#8 13.56   Downloading pycparser-2.22-py3-none-any.whl (117 kB)
#8 13.56      â”â”â”â”â”â”â”â”â”â”â”â”â”â”â”â”â”â”â”â”â”â”â”â”â”â”â”â”â”â”â”â”â”â”â”â”â”â” 117.6/117.6 kB 75.8 MB/s eta 0:00:00
#8 13.89 Installing collected packages: passlib, typing-extensions, sniffio, six, python-dotenv, pycparser, pyasn1, mysql-connector-python, idna, h11, greenlet, click, bcrypt, annotated-types, uvicorn, sqlalchemy, rsa, pydantic-core, exceptiongroup, ecdsa, cffi, python-jose, pydantic, cryptography, anyio, starlette, fastapi
#8 16.58 Successfully installed annotated-types-0.7.0 anyio-4.9.0 bcrypt-4.2.0 cffi-1.17.1 click-8.2.1 cryptography-45.0.4 ecdsa-0.19.1 exceptiongroup-1.3.0 fastapi-0.115.0 greenlet-3.2.3 h11-0.16.0 idna-3.10 mysql-connector-python-9.0.0 passlib-1.7.4 pyasn1-0.6.1 pycparser-2.22 pydantic-2.9.2 pydantic-core-2.23.4 python-dotenv-1.0.1 python-jose-3.3.0 rsa-4.9.1 six-1.17.0 sniffio-1.3.1 sqlalchemy-2.0.35 starlette-0.38.6 typing-extensions-4.14.0 uvicorn-0.30.6
#8 16.58 WARNING: Running pip as the 'root' user can result in broken permissions and conflicting behaviour with the system package manager. It is recommended to use a virtual environment instead: https://pip.pypa.io/warnings/venv
#8 17.01 
#8 17.01 [notice] A new release of pip is available: 23.0.1 -> 25.1.1
#8 17.01 [notice] To update, run: pip install --upgrade pip
#8 DONE 17.4s

#9 [5/5] COPY . .
#9 DONE 0.0s

#10 exporting to image
#10 exporting layers
#10 exporting layers 0.5s done
#10 writing image sha256:f49a1ae7d51c2dc87af4aa9864efca65da3bd6447cf1dabad299849c17a05a06 done
#10 naming to docker.io/library/test-webapp_backend done
#10 DONE 0.6s
Building frontend
#0 building with "default" instance using docker driver

#1 [internal] load build definition from Dockerfile
#1 transferring dockerfile: 129B done
#1 DONE 0.0s

#2 [internal] load metadata for docker.io/library/nginx:alpine
#2 DONE 2.2s

#3 [internal] load .dockerignore
#3 transferring context: 2B done
#3 DONE 0.0s

#4 [internal] load build context
#4 transferring context: 17.45kB done
#4 DONE 0.0s

#5 [1/2] FROM docker.io/library/nginx:alpine@sha256:b2e814d28359e77bd0aa5fed1939620075e4ffa0eb20423cc557b375bd5c14ad
#5 resolve docker.io/library/nginx:alpine@sha256:b2e814d28359e77bd0aa5fed1939620075e4ffa0eb20423cc557b375bd5c14ad 0.0s done
#5 sha256:6544c26a789f03b1a36e45ce8c77ea71d5d3e8d4e07c49ddceccfe0de47aa3e0 2.50kB / 2.50kB done
#5 sha256:fe07684b16b82247c3539ed86a65ff37a76138ec25d380bd80c869a1a4c73236 0B / 3.80MB 0.1s
#5 sha256:fb746e72516f99f0b4f5204c47f8c2aa325a4a9d075769800c42548fe722b25d 0B / 627B 0.1s
#5 sha256:b2e814d28359e77bd0aa5fed1939620075e4ffa0eb20423cc557b375bd5c14ad 10.33kB / 10.33kB done
#5 sha256:77656422f7009bf47cd4992cb1a118af09c25bb157336478bdbf399af09e8e41 10.78kB / 10.78kB done
#5 sha256:3b7062d09e028c442f2b05e76286341d9b23a69a42b9ecd3d226911a5200bc86 0B / 1.81MB 0.1s
#5 sha256:fe07684b16b82247c3539ed86a65ff37a76138ec25d380bd80c869a1a4c73236 1.05MB / 3.80MB 0.4s
#5 sha256:fe07684b16b82247c3539ed86a65ff37a76138ec25d380bd80c869a1a4c73236 2.10MB / 3.80MB 0.5s
#5 extracting sha256:fe07684b16b82247c3539ed86a65ff37a76138ec25d380bd80c869a1a4c73236
#5 sha256:fe07684b16b82247c3539ed86a65ff37a76138ec25d380bd80c869a1a4c73236 3.80MB / 3.80MB 0.5s done
#5 sha256:a9ff9baf1741d1f2a4a5df1b44b2f09931318cb1a9201f23a01cb295e0274768 0B / 955B 0.6s
#5 sha256:fb746e72516f99f0b4f5204c47f8c2aa325a4a9d075769800c42548fe722b25d 627B / 627B 0.7s done
#5 sha256:3b7062d09e028c442f2b05e76286341d9b23a69a42b9ecd3d226911a5200bc86 1.81MB / 1.81MB 0.7s done
#5 extracting sha256:fe07684b16b82247c3539ed86a65ff37a76138ec25d380bd80c869a1a4c73236 0.2s done
#5 extracting sha256:3b7062d09e028c442f2b05e76286341d9b23a69a42b9ecd3d226911a5200bc86
#5 sha256:63dda2adf85bd92ed611cda1b94324396aefe5afe0b7b39a72b4ea6362c40552 0B / 1.21kB 0.8s
#5 sha256:2c127093dfc748d5aae28bdf3d96936deb033e69cb643eeb75d6070e4333f7c4 0B / 404B 0.8s
#5 sha256:a9ff9baf1741d1f2a4a5df1b44b2f09931318cb1a9201f23a01cb295e0274768 955B / 955B 0.8s done
#5 extracting sha256:3b7062d09e028c442f2b05e76286341d9b23a69a42b9ecd3d226911a5200bc86 0.2s done
#5 sha256:b55ed7d7b2def46fd4870c4bb5743ffd31dae1da58ffd897893978b789c62943 0B / 1.40kB 0.9s
#5 sha256:2c127093dfc748d5aae28bdf3d96936deb033e69cb643eeb75d6070e4333f7c4 404B / 404B 1.0s done
#5 extracting sha256:fb746e72516f99f0b4f5204c47f8c2aa325a4a9d075769800c42548fe722b25d done
#5 extracting sha256:a9ff9baf1741d1f2a4a5df1b44b2f09931318cb1a9201f23a01cb295e0274768 done
#5 extracting sha256:2c127093dfc748d5aae28bdf3d96936deb033e69cb643eeb75d6070e4333f7c4
#5 sha256:92971aeb101e5e1df5c759e2cc239bdce76c34c09f356f428f4256e04039cef2 0B / 16.78MB 1.0s
#5 sha256:63dda2adf85bd92ed611cda1b94324396aefe5afe0b7b39a72b4ea6362c40552 1.21kB / 1.21kB 1.0s done
#5 extracting sha256:2c127093dfc748d5aae28bdf3d96936deb033e69cb643eeb75d6070e4333f7c4 done
#5 extracting sha256:63dda2adf85bd92ed611cda1b94324396aefe5afe0b7b39a72b4ea6362c40552 done
#5 sha256:b55ed7d7b2def46fd4870c4bb5743ffd31dae1da58ffd897893978b789c62943 1.40kB / 1.40kB 1.1s done
#5 extracting sha256:b55ed7d7b2def46fd4870c4bb5743ffd31dae1da58ffd897893978b789c62943 0.0s done
#5 sha256:92971aeb101e5e1df5c759e2cc239bdce76c34c09f356f428f4256e04039cef2 1.05MB / 16.78MB 1.4s
#5 sha256:92971aeb101e5e1df5c759e2cc239bdce76c34c09f356f428f4256e04039cef2 5.24MB / 16.78MB 1.6s
#5 sha256:92971aeb101e5e1df5c759e2cc239bdce76c34c09f356f428f4256e04039cef2 9.44MB / 16.78MB 1.8s
#5 sha256:92971aeb101e5e1df5c759e2cc239bdce76c34c09f356f428f4256e04039cef2 10.49MB / 16.78MB 2.0s
#5 sha256:92971aeb101e5e1df5c759e2cc239bdce76c34c09f356f428f4256e04039cef2 16.78MB / 16.78MB 2.1s
#5 extracting sha256:92971aeb101e5e1df5c759e2cc239bdce76c34c09f356f428f4256e04039cef2
#5 sha256:92971aeb101e5e1df5c759e2cc239bdce76c34c09f356f428f4256e04039cef2 16.78MB / 16.78MB 2.1s done
#5 extracting sha256:92971aeb101e5e1df5c759e2cc239bdce76c34c09f356f428f4256e04039cef2 0.5s done
#5 DONE 2.8s

#6 [2/2] COPY . /usr/share/nginx/html
#6 DONE 0.0s

#7 exporting to image
#7 exporting layers 0.0s done
#7 writing image sha256:830a0465f6a8b6c8f1045eb55d359e4ffb15a2091cf06f439536929f2ba9bfe3 done
#7 naming to docker.io/library/test-webapp_frontend done
#7 DONE 0.0s
Pulling adminer (adminer:)...
latest: Pulling from library/adminer
Digest: sha256:730215fe535daca9a2f378c48321bc615c8f0d88668721e0eff530fa35b6e8f6
Status: Downloaded newer image for adminer:latest
Creating test-webapp_db_1 ... 
Creating test-webapp_db_1 ... done
Creating test-webapp_adminer_1 ... 
Creating test-webapp_adminer_1 ... done
Creating test-webapp_backend_1 ... 
Creating test-webapp_backend_1 ... done
Creating test-webapp_frontend_1 ... 
Creating test-webapp_frontend_1 ... done
[2025-06-27 08:52:14] ĞšĞ¾Ğ½Ñ‚ĞµĞ¹Ğ½ĞµÑ€Ñ‹ ÑƒÑĞ¿ĞµÑˆĞ½Ğ¾ Ğ·Ğ°Ğ¿ÑƒÑ‰ĞµĞ½Ñ‹
[2025-06-27 08:52:14] ĞŸÑ€Ğ¾Ğ²ĞµÑ€ĞºĞ° ÑĞ¾ÑÑ‚Ğ¾ÑĞ½Ğ¸Ñ ĞºĞ¾Ğ½Ñ‚ĞµĞ¹Ğ½ĞµÑ€Ğ¾Ğ²
         Name                       Command                  State                              Ports                       
----------------------------------------------------------------------------------------------------------------------------
test-webapp_adminer_1    entrypoint.sh docker-php-e ...   Up             0.0.0.0:8080->8080/tcp,:::8080->8080/tcp           
test-webapp_backend_1    uvicorn app.main:app --hos ...   Up             0.0.0.0:8000->8000/tcp,:::8000->8000/tcp           
test-webapp_db_1         docker-entrypoint.sh mysqld      Up (healthy)   0.0.0.0:3306->3306/tcp,:::3306->3306/tcp, 33060/tcp
test-webapp_frontend_1   /docker-entrypoint.sh ngin ...   Up             0.0.0.0:3000->80/tcp,:::3000->80/tcp               
[2025-06-27 08:52:44] Ğ’ÑĞµ ĞºĞ¾Ğ½Ñ‚ĞµĞ¹Ğ½ĞµÑ€Ñ‹ ÑƒÑĞ¿ĞµÑˆĞ½Ğ¾ Ğ·Ğ°Ğ¿ÑƒÑ‰ĞµĞ½Ñ‹
[2025-06-27 08:52:44] Ğ˜Ğ½Ğ¸Ñ†Ğ¸Ğ°Ğ»Ğ¸Ğ·Ğ°Ñ†Ğ¸Ñ Ğ±Ğ°Ğ·Ñ‹ Ğ´Ğ°Ğ½Ğ½Ñ‹Ñ…
Using DATABASE_URL: mysql+mysqlconnector://user:password@db:3306/test_db
[2025-06-27 08:52:45] Ğ‘Ğ°Ğ·Ğ° Ğ´Ğ°Ğ½Ğ½Ñ‹Ñ… ÑƒÑĞ¿ĞµÑˆĞ½Ğ¾ Ğ¸Ğ½Ğ¸Ñ†Ğ¸Ğ°Ğ»Ğ¸Ğ·Ğ¸Ñ€Ğ¾Ğ²Ğ°Ğ½Ğ°
[2025-06-27 08:52:45] ĞŸÑ€Ğ¾Ğ²ĞµÑ€ĞºĞ° Ğ¿Ğ¾Ğ´ĞºĞ»ÑÑ‡ĞµĞ½Ğ¸Ñ Ğº Ğ±Ğ°Ğ·Ğµ Ğ´Ğ°Ğ½Ğ½Ñ‹Ñ…
[2025-06-27 08:52:46] ĞŸĞ¾Ğ´ĞºĞ»ÑÑ‡ĞµĞ½Ğ¸Ğµ Ğº Ğ±Ğ°Ğ·Ğµ Ğ´Ğ°Ğ½Ğ½Ñ‹Ñ… ÑƒÑĞ¿ĞµÑˆĞ½Ğ¾
[2025-06-27 08:52:46] ĞŸÑ€Ğ¾ĞµĞºÑ‚ ÑƒÑĞ¿ĞµÑˆĞ½Ğ¾ ÑĞ¾Ğ·Ğ´Ğ°Ğ½ Ğ¸ Ğ·Ğ°Ğ¿ÑƒÑ‰ĞµĞ½ Ğ² /home/user/test-webapp
Ğ¡Ğ°Ğ¹Ñ‚ Ğ´Ğ¾ÑÑ‚ÑƒĞ¿ĞµĞ½ Ğ½Ğ° http://localhost:3000
Swagger UI: http://localhost:8000/docs
Adminer: http://localhost:8080 (Ğ»Ğ¾Ğ³Ğ¸Ğ½: user, Ğ¿Ğ°Ñ€Ğ¾Ğ»ÑŒ: password, Ğ±Ğ°Ğ·Ğ°: test_db)
Ğ›Ğ¾Ğ³Ğ¸ ÑƒÑÑ‚Ğ°Ğ½Ğ¾Ğ²ĞºĞ¸ Ğ¸ Ğ¾ÑˆĞ¸Ğ±Ğ¾Ğº ÑĞ¾Ñ…Ñ€Ğ°Ğ½ĞµĞ½Ñ‹ Ğ² /home/user/test-webapp/setup.log
[2025-06-27 09:02:41] ĞĞ°Ñ‡Ğ°Ğ»Ğ¾ Ğ²Ñ‹Ğ¿Ğ¾Ğ»Ğ½ĞµĞ½Ğ¸Ñ ÑĞºÑ€Ğ¸Ğ¿Ñ‚Ğ°
[2025-06-27 09:02:41] ĞŸÑ€Ğ¾Ğ²ĞµÑ€ĞºĞ° Ğ·Ğ°Ğ²Ğ¸ÑĞ¸Ğ¼Ğ¾ÑÑ‚ĞµĞ¹
[2025-06-27 09:02:41] Ğ’ÑĞµ Ğ·Ğ°Ğ²Ğ¸ÑĞ¸Ğ¼Ğ¾ÑÑ‚Ğ¸ Ğ½Ğ°Ğ¹Ğ´ĞµĞ½Ñ‹
[2025-06-27 09:02:41] ĞÑ‡Ğ¸ÑÑ‚ĞºĞ° ĞºÑÑˆĞ° Docker
Deleted build cache objects:
jjbkxhoqer2nbd5zkv3rey2ao
ypyb3k5134e4actg4kq9o4k67
xul4ou4q6ofvbcnaecuhwemfm
7t66lamksckag9qar8z4xngoe
k2aufnuieq9q3ao5exadaf3lu
kfmvo7t2z6g8gk3zhjctn999i
ojmpdslgu4y30stgmbpbxlowq
ct1n12heey3j0q7tsq08bbqjy
qf5e12vujeps2r25yx4j6teun
2ip7a9sxfib5txzpz3ulukzvp
xnql7k6p2v1haigslz9zbq5aw
nnu0o9dolpxi8hirv44s4t25d
6t1cv45mglrq6waoewj3wrzks
70u7lztwfr1ftma6cgp9kfjnm
0hzd108gfh6rt8zijccg0n75e
zj1kzkm53cxdoqy4le5fe25dm
l9dsmo6oaf8oynom2tta5bjmv
1xg3xh4z2kui6tao3xa7y8mij
ql0km1i47qcmro4r3e5ht2pby
ckjvwx41vbz9l7ndwkdj15c70
qwvjzig3939yxb7fyrbopzcow
j42hoq23dj9dl3qvpyoq71y5a
tx00tekbsr5vq26uoznyltyps

Total reclaimed space: 126.1MB
Total reclaimed space: 0B
Total:	0B
[2025-06-27 09:02:42] Ğ¡Ğ¾Ğ·Ğ´Ğ°Ğ½Ğ¸Ğµ Ğ´Ğ¸Ñ€ĞµĞºÑ‚Ğ¾Ñ€Ğ¸Ğ¸ Ğ¿Ñ€Ğ¾ĞµĞºÑ‚Ğ°: /home/user/test-webapp
[2025-06-27 09:02:42] Ğ¡Ğ¾Ğ·Ğ´Ğ°Ğ½Ğ¸Ğµ ÑÑ‚Ñ€ÑƒĞºÑ‚ÑƒÑ€Ñ‹ Ğ´Ğ¸Ñ€ĞµĞºÑ‚Ğ¾Ñ€Ğ¸Ğ¹
[2025-06-27 09:02:42] Ğ¡Ğ¾Ğ·Ğ´Ğ°Ğ½Ğ¸Ğµ docker-compose.yml
[2025-06-27 09:02:42] Ğ¡Ğ¾Ğ·Ğ´Ğ°Ğ½Ğ¸Ğµ .env.example
[2025-06-27 09:02:42] ĞšĞ¾Ğ¿Ğ¸Ñ€Ğ¾Ğ²Ğ°Ğ½Ğ¸Ğµ .env Ğ¸ Ğ³ĞµĞ½ĞµÑ€Ğ°Ñ†Ğ¸Ñ SECRET_KEY
[2025-06-27 09:02:42] Ğ¡Ğ¾Ğ·Ğ´Ğ°Ğ½Ğ¸Ğµ backend/Dockerfile
[2025-06-27 09:02:42] Ğ¡Ğ¾Ğ·Ğ´Ğ°Ğ½Ğ¸Ğµ backend/requirements.txt
[2025-06-27 09:02:42] Ğ¡Ğ¾Ğ·Ğ´Ğ°Ğ½Ğ¸Ğµ backend/app/main.py
[2025-06-27 09:02:42] Ğ¡Ğ¾Ğ·Ğ´Ğ°Ğ½Ğ¸Ğµ backend/app/database.py
[2025-06-27 09:02:42] Ğ¡Ğ¾Ğ·Ğ´Ğ°Ğ½Ğ¸Ğµ backend/app/models.py
[2025-06-27 09:02:42] Ğ¡Ğ¾Ğ·Ğ´Ğ°Ğ½Ğ¸Ğµ backend/app/auth.py
[2025-06-27 09:02:42] Ğ¡Ğ¾Ğ·Ğ´Ğ°Ğ½Ğ¸Ğµ backend/app/routers/user.py
[2025-06-27 09:02:42] Ğ¡Ğ¾Ğ·Ğ´Ğ°Ğ½Ğ¸Ğµ backend/app/routers/product.py
[2025-06-27 09:02:42] Ğ¡Ğ¾Ğ·Ğ´Ğ°Ğ½Ğ¸Ğµ backend/app/routers/article.py
[2025-06-27 09:02:42] Ğ¡Ğ¾Ğ·Ğ´Ğ°Ğ½Ğ¸Ğµ backend/app/routers/comment.py
[2025-06-27 09:02:42] Ğ¡Ğ¾Ğ·Ğ´Ğ°Ğ½Ğ¸Ğµ frontend/index.html
[2025-06-27 09:02:42] Ğ¡Ğ¾Ğ·Ğ´Ğ°Ğ½Ğ¸Ğµ frontend/register.html
[2025-06-27 09:02:42] Ğ¡Ğ¾Ğ·Ğ´Ğ°Ğ½Ğ¸Ğµ frontend/login.html
[2025-06-27 09:02:42] Ğ¡Ğ¾Ğ·Ğ´Ğ°Ğ½Ğ¸Ğµ frontend/products.html
[2025-06-27 09:02:42] Ğ¡Ğ¾Ğ·Ğ´Ğ°Ğ½Ğ¸Ğµ frontend/cart.html
[2025-06-27 09:02:42] Ğ¡Ğ¾Ğ·Ğ´Ğ°Ğ½Ğ¸Ğµ frontend/articles.html
[2025-06-27 09:02:42] Ğ¡Ğ¾Ğ·Ğ´Ğ°Ğ½Ğ¸Ğµ frontend/css/styles.css
[2025-06-27 09:02:42] Ğ¡Ğ¾Ğ·Ğ´Ğ°Ğ½Ğ¸Ğµ frontend/js/main.js
[2025-06-27 09:02:42] Ğ¡Ğ¾Ğ·Ğ´Ğ°Ğ½Ğ¸Ğµ frontend/js/register.js
[2025-06-27 09:02:42] Ğ¡Ğ¾Ğ·Ğ´Ğ°Ğ½Ğ¸Ğµ frontend/js/products.js
[2025-06-27 09:02:42] Ğ¡Ğ¾Ğ·Ğ´Ğ°Ğ½Ğ¸Ğµ frontend/js/cart.js
[2025-06-27 09:02:42] Ğ¡Ğ¾Ğ·Ğ´Ğ°Ğ½Ğ¸Ğµ frontend/js/articles.js
[2025-06-27 09:02:42] Ğ¡Ğ¾Ğ·Ğ´Ğ°Ğ½Ğ¸Ğµ frontend/Dockerfile
[2025-06-27 09:02:42] Ğ¡Ğ¾Ğ·Ğ´Ğ°Ğ½Ğ¸Ğµ docs/readme.md
[2025-06-27 09:02:42] Ğ¡Ğ¾Ğ·Ğ´Ğ°Ğ½Ğ¸Ğµ docs/postman_collection.json
[2025-06-27 09:02:42] Ğ—Ğ°Ğ¿ÑƒÑĞº ĞºĞ¾Ğ½Ñ‚ĞµĞ¹Ğ½ĞµÑ€Ğ¾Ğ²
Building backend
#0 building with "default" instance using docker driver

#1 [internal] load build definition from Dockerfile
#1 transferring dockerfile: 233B done
#1 DONE 0.0s

#2 [internal] load metadata for docker.io/library/python:3.10-slim
#2 DONE 2.0s

#3 [internal] load .dockerignore
#3 transferring context: 2B done
#3 DONE 0.0s

#4 [internal] load build context
#4 transferring context: 19.49kB done
#4 DONE 0.0s

#5 [1/5] FROM docker.io/library/python:3.10-slim@sha256:034724ef64585eeb0e82385e9aabcbeabfe5f7cae2c2dcedb1da95114372b6d7
#5 resolve docker.io/library/python:3.10-slim@sha256:034724ef64585eeb0e82385e9aabcbeabfe5f7cae2c2dcedb1da95114372b6d7 0.0s done
#5 sha256:034724ef64585eeb0e82385e9aabcbeabfe5f7cae2c2dcedb1da95114372b6d7 9.13kB / 9.13kB done
#5 sha256:fd939bec23d8e9a1274d70e24db96bceed53e56612f828098f5505086a64f523 1.75kB / 1.75kB done
#5 sha256:cce3651534b6639e18fe761c0f1bc3974459853da95ebadadc607194524d77a7 5.37kB / 5.37kB done
#5 DONE 0.1s

#6 [2/5] WORKDIR /app
#6 DONE 0.0s

#7 [3/5] COPY requirements.txt .
#7 DONE 0.0s

#8 [4/5] RUN pip install --no-cache-dir -r requirements.txt
#8 2.032 Collecting fastapi==0.115.0
#8 2.358   Downloading fastapi-0.115.0-py3-none-any.whl (94 kB)
#8 2.578      â”â”â”â”â”â”â”â”â”â”â”â”â”â”â”â”â”â”â”â”â”â”â”â”â”â”â”â”â”â”â”â”â”â”â”â”â”â”â” 94.6/94.6 kB 911.2 kB/s eta 0:00:00
#8 2.712 Collecting uvicorn==0.30.6
#8 2.782   Downloading uvicorn-0.30.6-py3-none-any.whl (62 kB)
#8 2.799      â”â”â”â”â”â”â”â”â”â”â”â”â”â”â”â”â”â”â”â”â”â”â”â”â”â”â”â”â”â”â”â”â”â”â”â”â”â”â”â” 62.8/62.8 kB 4.0 MB/s eta 0:00:00
#8 3.301 Collecting pydantic==2.9.2
#8 3.371   Downloading pydantic-2.9.2-py3-none-any.whl (434 kB)
#8 3.508      â”â”â”â”â”â”â”â”â”â”â”â”â”â”â”â”â”â”â”â”â”â”â”â”â”â”â”â”â”â”â”â”â”â”â”â”â”â”â” 434.9/434.9 kB 3.2 MB/s eta 0:00:00
#8 3.734 Collecting mysql-connector-python==9.0.0
#8 3.805   Downloading mysql_connector_python-9.0.0-cp310-cp310-manylinux_2_17_x86_64.whl (19.3 MB)
#8 4.613      â”â”â”â”â”â”â”â”â”â”â”â”â”â”â”â”â”â”â”â”â”â”â”â”â”â”â”â”â”â”â”â”â”â”â”â”â”â”â”â” 19.3/19.3 MB 27.7 MB/s eta 0:00:00
#8 4.739 Collecting python-jose[cryptography]==3.3.0
#8 4.811   Downloading python_jose-3.3.0-py2.py3-none-any.whl (33 kB)
#8 4.894 Collecting passlib==1.7.4
#8 4.964   Downloading passlib-1.7.4-py2.py3-none-any.whl (525 kB)
#8 4.979      â”â”â”â”â”â”â”â”â”â”â”â”â”â”â”â”â”â”â”â”â”â”â”â”â”â”â”â”â”â”â”â”â”â”â”â”â”â” 525.6/525.6 kB 39.7 MB/s eta 0:00:00
#8 5.159 Collecting bcrypt==4.2.0
#8 5.230   Downloading bcrypt-4.2.0-cp39-abi3-manylinux_2_28_x86_64.whl (273 kB)
#8 5.238      â”â”â”â”â”â”â”â”â”â”â”â”â”â”â”â”â”â”â”â”â”â”â”â”â”â”â”â”â”â”â”â”â”â”â”â”â”â” 273.8/273.8 kB 54.2 MB/s eta 0:00:00
#8 5.336 Collecting python-dotenv==1.0.1
#8 5.406   Downloading python_dotenv-1.0.1-py3-none-any.whl (19 kB)
#8 6.421 Collecting sqlalchemy==2.0.35
#8 6.493   Downloading SQLAlchemy-2.0.35-cp310-cp310-manylinux_2_17_x86_64.manylinux2014_x86_64.whl (3.1 MB)
#8 6.584      â”â”â”â”â”â”â”â”â”â”â”â”â”â”â”â”â”â”â”â”â”â”â”â”â”â”â”â”â”â”â”â”â”â”â”â”â”â”â”â” 3.1/3.1 MB 34.5 MB/s eta 0:00:00
#8 6.764 Collecting starlette<0.39.0,>=0.37.2
#8 6.835   Downloading starlette-0.38.6-py3-none-any.whl (71 kB)
#8 6.841      â”â”â”â”â”â”â”â”â”â”â”â”â”â”â”â”â”â”â”â”â”â”â”â”â”â”â”â”â”â”â”â”â”â”â”â”â”â”â”â” 71.5/71.5 kB 14.3 MB/s eta 0:00:00
#8 6.942 Collecting typing-extensions>=4.8.0
#8 7.011   Downloading typing_extensions-4.14.0-py3-none-any.whl (43 kB)
#8 7.014      â”â”â”â”â”â”â”â”â”â”â”â”â”â”â”â”â”â”â”â”â”â”â”â”â”â”â”â”â”â”â”â”â”â”â”â”â”â”â” 43.8/43.8 kB 168.6 MB/s eta 0:00:00
#8 7.134 Collecting click>=7.0
#8 7.204   Downloading click-8.2.1-py3-none-any.whl (102 kB)
#8 7.208      â”â”â”â”â”â”â”â”â”â”â”â”â”â”â”â”â”â”â”â”â”â”â”â”â”â”â”â”â”â”â”â”â”â”â”â”â”â” 102.2/102.2 kB 70.5 MB/s eta 0:00:00
#8 7.293 Collecting h11>=0.8
#8 7.363   Downloading h11-0.16.0-py3-none-any.whl (37 kB)
#8 7.467 Collecting annotated-types>=0.6.0
#8 7.536   Downloading annotated_types-0.7.0-py3-none-any.whl (13 kB)
#8 9.725 Collecting pydantic-core==2.23.4
#8 9.796   Downloading pydantic_core-2.23.4-cp310-cp310-manylinux_2_17_x86_64.manylinux2014_x86_64.whl (2.1 MB)
#8 9.853      â”â”â”â”â”â”â”â”â”â”â”â”â”â”â”â”â”â”â”â”â”â”â”â”â”â”â”â”â”â”â”â”â”â”â”â”â”â”â”â” 2.1/2.1 MB 37.6 MB/s eta 0:00:00
#8 9.964 Collecting rsa
#8 10.03   Downloading rsa-4.9.1-py3-none-any.whl (34 kB)
#8 10.15 Collecting pyasn1
#8 10.22   Downloading pyasn1-0.6.1-py3-none-any.whl (83 kB)
#8 10.22      â”â”â”â”â”â”â”â”â”â”â”â”â”â”â”â”â”â”â”â”â”â”â”â”â”â”â”â”â”â”â”â”â”â”â”â”â”â”â” 83.1/83.1 kB 139.5 MB/s eta 0:00:00
#8 10.32 Collecting ecdsa!=0.15
#8 10.39   Downloading ecdsa-0.19.1-py2.py3-none-any.whl (150 kB)
#8 10.39      â”â”â”â”â”â”â”â”â”â”â”â”â”â”â”â”â”â”â”â”â”â”â”â”â”â”â”â”â”â”â”â”â”â”â”â”â”â” 150.6/150.6 kB 79.3 MB/s eta 0:00:00
#8 11.09 Collecting cryptography>=3.4.0
#8 11.17   Downloading cryptography-45.0.4-cp37-abi3-manylinux_2_34_x86_64.whl (4.5 MB)
#8 11.31      â”â”â”â”â”â”â”â”â”â”â”â”â”â”â”â”â”â”â”â”â”â”â”â”â”â”â”â”â”â”â”â”â”â”â”â”â”â”â”â” 4.5/4.5 MB 32.4 MB/s eta 0:00:00
#8 11.84 Collecting greenlet!=0.4.17
#8 11.91   Downloading greenlet-3.2.3-cp310-cp310-manylinux_2_24_x86_64.manylinux_2_28_x86_64.whl (582 kB)
#8 11.93      â”â”â”â”â”â”â”â”â”â”â”â”â”â”â”â”â”â”â”â”â”â”â”â”â”â”â”â”â”â”â”â”â”â”â”â”â”â” 582.2/582.2 kB 38.3 MB/s eta 0:00:00
#8 12.35 Collecting cffi>=1.14
#8 12.42   Downloading cffi-1.17.1-cp310-cp310-manylinux_2_17_x86_64.manylinux2014_x86_64.whl (446 kB)
#8 12.44      â”â”â”â”â”â”â”â”â”â”â”â”â”â”â”â”â”â”â”â”â”â”â”â”â”â”â”â”â”â”â”â”â”â”â”â”â”â” 446.2/446.2 kB 38.8 MB/s eta 0:00:00
#8 12.54 Collecting six>=1.9.0
#8 12.61   Downloading six-1.17.0-py2.py3-none-any.whl (11 kB)
#8 12.74 Collecting anyio<5,>=3.4.0
#8 12.81   Downloading anyio-4.9.0-py3-none-any.whl (100 kB)
#8 12.81      â”â”â”â”â”â”â”â”â”â”â”â”â”â”â”â”â”â”â”â”â”â”â”â”â”â”â”â”â”â”â”â”â”â”â”â”â” 100.9/100.9 kB 145.0 MB/s eta 0:00:00
#8 12.94 Collecting idna>=2.8
#8 13.01   Downloading idna-3.10-py3-none-any.whl (70 kB)
#8 13.02      â”â”â”â”â”â”â”â”â”â”â”â”â”â”â”â”â”â”â”â”â”â”â”â”â”â”â”â”â”â”â”â”â”â”â”â”â”â”â”â” 70.4/70.4 kB 36.2 MB/s eta 0:00:00
#8 13.11 Collecting exceptiongroup>=1.0.2
#8 13.18   Downloading exceptiongroup-1.3.0-py3-none-any.whl (16 kB)
#8 13.27 Collecting sniffio>=1.1
#8 13.34   Downloading sniffio-1.3.1-py3-none-any.whl (10 kB)
#8 13.44 Collecting pycparser
#8 13.51   Downloading pycparser-2.22-py3-none-any.whl (117 kB)
#8 13.51      â”â”â”â”â”â”â”â”â”â”â”â”â”â”â”â”â”â”â”â”â”â”â”â”â”â”â”â”â”â”â”â”â”â”â”â”â” 117.6/117.6 kB 209.2 MB/s eta 0:00:00
#8 13.88 Installing collected packages: passlib, typing-extensions, sniffio, six, python-dotenv, pycparser, pyasn1, mysql-connector-python, idna, h11, greenlet, click, bcrypt, annotated-types, uvicorn, sqlalchemy, rsa, pydantic-core, exceptiongroup, ecdsa, cffi, python-jose, pydantic, cryptography, anyio, starlette, fastapi
#8 16.83 Successfully installed annotated-types-0.7.0 anyio-4.9.0 bcrypt-4.2.0 cffi-1.17.1 click-8.2.1 cryptography-45.0.4 ecdsa-0.19.1 exceptiongroup-1.3.0 fastapi-0.115.0 greenlet-3.2.3 h11-0.16.0 idna-3.10 mysql-connector-python-9.0.0 passlib-1.7.4 pyasn1-0.6.1 pycparser-2.22 pydantic-2.9.2 pydantic-core-2.23.4 python-dotenv-1.0.1 python-jose-3.3.0 rsa-4.9.1 six-1.17.0 sniffio-1.3.1 sqlalchemy-2.0.35 starlette-0.38.6 typing-extensions-4.14.0 uvicorn-0.30.6
#8 16.83 WARNING: Running pip as the 'root' user can result in broken permissions and conflicting behaviour with the system package manager. It is recommended to use a virtual environment instead: https://pip.pypa.io/warnings/venv
#8 17.26 
#8 17.26 [notice] A new release of pip is available: 23.0.1 -> 25.1.1
#8 17.26 [notice] To update, run: pip install --upgrade pip
#8 DONE 17.7s

#9 [5/5] COPY . .
#9 DONE 0.0s

#10 exporting to image
#10 exporting layers
#10 exporting layers 0.6s done
#10 writing image sha256:c03a9d95921b320ff89b13422c2d3f71fef1bec46bfe4925d91838cb4c821a6a done
#10 naming to docker.io/library/test-webapp_backend done
#10 DONE 0.6s
Building frontend
#0 building with "default" instance using docker driver

#1 [internal] load build definition from Dockerfile
#1 transferring dockerfile: 129B done
#1 DONE 0.0s

#2 [internal] load metadata for docker.io/library/nginx:alpine
#2 DONE 2.2s

#3 [internal] load .dockerignore
#3 transferring context: 2B done
#3 DONE 0.0s

#4 [internal] load build context
#4 transferring context: 18.41kB done
#4 DONE 0.0s

#5 [1/2] FROM docker.io/library/nginx:alpine@sha256:b2e814d28359e77bd0aa5fed1939620075e4ffa0eb20423cc557b375bd5c14ad
#5 resolve docker.io/library/nginx:alpine@sha256:b2e814d28359e77bd0aa5fed1939620075e4ffa0eb20423cc557b375bd5c14ad 0.0s done
#5 sha256:b2e814d28359e77bd0aa5fed1939620075e4ffa0eb20423cc557b375bd5c14ad 10.33kB / 10.33kB done
#5 sha256:6544c26a789f03b1a36e45ce8c77ea71d5d3e8d4e07c49ddceccfe0de47aa3e0 2.50kB / 2.50kB done
#5 sha256:77656422f7009bf47cd4992cb1a118af09c25bb157336478bdbf399af09e8e41 10.78kB / 10.78kB done
#5 DONE 0.1s

#6 [2/2] COPY . /usr/share/nginx/html
#6 DONE 0.0s

#7 exporting to image
#7 exporting layers 0.0s done
#7 writing image sha256:754aa8acf8704cc0e28f7cad89bfdefe3e7bf51adf5a82cad9f5e89a48c22a95 done
#7 naming to docker.io/library/test-webapp_frontend done
#7 DONE 0.0s
Recreating test-webapp_db_1 ... 

ERROR: for test-webapp_db_1  'ContainerConfig'

ERROR: for db  'ContainerConfig'
Traceback (most recent call last):
  File "/usr/bin/docker-compose", line 33, in <module>
    sys.exit(load_entry_point('docker-compose==1.29.2', 'console_scripts', 'docker-compose')())
             ^^^^^^^^^^^^^^^^^^^^^^^^^^^^^^^^^^^^^^^^^^^^^^^^^^^^^^^^^^^^^^^^^^^^^^^^^^^^^^^^^
  File "/usr/lib/python3/dist-packages/compose/cli/main.py", line 81, in main
    command_func()
  File "/usr/lib/python3/dist-packages/compose/cli/main.py", line 203, in perform_command
    handler(command, command_options)
  File "/usr/lib/python3/dist-packages/compose/metrics/decorator.py", line 18, in wrapper
    result = fn(*args, **kwargs)
             ^^^^^^^^^^^^^^^^^^^
  File "/usr/lib/python3/dist-packages/compose/cli/main.py", line 1186, in up
    to_attach = up(False)
                ^^^^^^^^^
  File "/usr/lib/python3/dist-packages/compose/cli/main.py", line 1166, in up
    return self.project.up(
           ^^^^^^^^^^^^^^^^
  File "/usr/lib/python3/dist-packages/compose/project.py", line 697, in up
    results, errors = parallel.parallel_execute(
                      ^^^^^^^^^^^^^^^^^^^^^^^^^^
  File "/usr/lib/python3/dist-packages/compose/parallel.py", line 108, in parallel_execute
    raise error_to_reraise
  File "/usr/lib/python3/dist-packages/compose/parallel.py", line 206, in producer
    result = func(obj)
             ^^^^^^^^^
  File "/usr/lib/python3/dist-packages/compose/project.py", line 679, in do
    return service.execute_convergence_plan(
           ^^^^^^^^^^^^^^^^^^^^^^^^^^^^^^^^^
  File "/usr/lib/python3/dist-packages/compose/service.py", line 579, in execute_convergence_plan
    return self._execute_convergence_recreate(
           ^^^^^^^^^^^^^^^^^^^^^^^^^^^^^^^^^^^
  File "/usr/lib/python3/dist-packages/compose/service.py", line 499, in _execute_convergence_recreate
    containers, errors = parallel_execute(
                         ^^^^^^^^^^^^^^^^^
  File "/usr/lib/python3/dist-packages/compose/parallel.py", line 108, in parallel_execute
    raise error_to_reraise
  File "/usr/lib/python3/dist-packages/compose/parallel.py", line 206, in producer
    result = func(obj)
             ^^^^^^^^^
  File "/usr/lib/python3/dist-packages/compose/service.py", line 494, in recreate
    return self.recreate_container(
           ^^^^^^^^^^^^^^^^^^^^^^^^
  File "/usr/lib/python3/dist-packages/compose/service.py", line 612, in recreate_container
    new_container = self.create_container(
                    ^^^^^^^^^^^^^^^^^^^^^^
  File "/usr/lib/python3/dist-packages/compose/service.py", line 330, in create_container
    container_options = self._get_container_create_options(
                        ^^^^^^^^^^^^^^^^^^^^^^^^^^^^^^^^^^^
  File "/usr/lib/python3/dist-packages/compose/service.py", line 921, in _get_container_create_options
    container_options, override_options = self._build_container_volume_options(
                                          ^^^^^^^^^^^^^^^^^^^^^^^^^^^^^^^^^^^^^
  File "/usr/lib/python3/dist-packages/compose/service.py", line 960, in _build_container_volume_options
    binds, affinity = merge_volume_bindings(
                      ^^^^^^^^^^^^^^^^^^^^^^
  File "/usr/lib/python3/dist-packages/compose/service.py", line 1548, in merge_volume_bindings
    old_volumes, old_mounts = get_container_data_volumes(
                              ^^^^^^^^^^^^^^^^^^^^^^^^^^^
  File "/usr/lib/python3/dist-packages/compose/service.py", line 1579, in get_container_data_volumes
    container.image_config['ContainerConfig'].get('Volumes') or {}
    ~~~~~~~~~~~~~~~~~~~~~~^^^^^^^^^^^^^^^^^^^
KeyError: 'ContainerConfig'
[2025-06-27 09:03:09] ĞÑˆĞ¸Ğ±ĞºĞ°: ĞĞµ ÑƒĞ´Ğ°Ğ»Ğ¾ÑÑŒ Ğ·Ğ°Ğ¿ÑƒÑÑ‚Ğ¸Ñ‚ÑŒ ĞºĞ¾Ğ½Ñ‚ĞµĞ¹Ğ½ĞµÑ€Ñ‹
[2025-06-27 09:03:09] Ğ›Ğ¾Ğ³Ğ¸ Ğ¾ÑˆĞ¸Ğ±Ğ¾Ğº db:
[2025-06-27 09:03:09] Ğ›Ğ¾Ğ³Ğ¸ Ğ¾ÑˆĞ¸Ğ±Ğ¾Ğº backend:
[36mbackend_1   |[0m (trapped) error reading bcrypt version
[36mbackend_1   |[0m AttributeError: module 'bcrypt' has no attribute '__about__'
[36mbackend_1   |[0m INFO:     172.18.0.1:35648 - "POST /users/register HTTP/1.1" 500 Internal Server Error
[36mbackend_1   |[0m ERROR:    Exception in ASGI application
[36mbackend_1   |[0m _mysql_connector.MySQLInterfaceError: Table 'test_db.users' doesn't exist
[36mbackend_1   |[0m mysql.connector.errors.ProgrammingError: 1146 (42S02): Table 'test_db.users' doesn't exist
[36mbackend_1   |[0m   File "/usr/local/lib/python3.10/site-packages/starlette/middleware/errors.py", line 187, in __call__
[36mbackend_1   |[0m   File "/usr/local/lib/python3.10/site-packages/starlette/middleware/errors.py", line 165, in __call__
[36mbackend_1   |[0m sqlalchemy.exc.ProgrammingError: (mysql.connector.errors.ProgrammingError) 1146 (42S02): Table 'test_db.users' doesn't exist
[36mbackend_1   |[0m (Background on this error at: https://sqlalche.me/e/20/f405)
[2025-06-27 09:03:10] Ğ›Ğ¾Ğ³Ğ¸ Ğ¾ÑˆĞ¸Ğ±Ğ¾Ğº frontend:
[2025-06-27 09:03:10] Ğ›Ğ¾Ğ³Ğ¸ Ğ¾ÑˆĞ¸Ğ±Ğ¾Ğº adminer:
[2025-06-27 09:06:25] ĞĞ°Ñ‡Ğ°Ğ»Ğ¾ Ğ²Ñ‹Ğ¿Ğ¾Ğ»Ğ½ĞµĞ½Ğ¸Ñ ÑĞºÑ€Ğ¸Ğ¿Ñ‚Ğ°
[2025-06-27 09:06:25] ĞŸÑ€Ğ¾Ğ²ĞµÑ€ĞºĞ° Ğ·Ğ°Ğ²Ğ¸ÑĞ¸Ğ¼Ğ¾ÑÑ‚ĞµĞ¹
[2025-06-27 09:06:25] Ğ’ÑĞµ Ğ·Ğ°Ğ²Ğ¸ÑĞ¸Ğ¼Ğ¾ÑÑ‚Ğ¸ Ğ½Ğ°Ğ¹Ğ´ĞµĞ½Ñ‹
[2025-06-27 09:06:25] ĞÑ‡Ğ¸ÑÑ‚ĞºĞ° ĞºÑÑˆĞ° Docker
Total reclaimed space: 0B
Total reclaimed space: 0B
Total:	0B
[2025-06-27 09:06:25] Ğ¡Ğ¾Ğ·Ğ´Ğ°Ğ½Ğ¸Ğµ Ğ´Ğ¸Ñ€ĞµĞºÑ‚Ğ¾Ñ€Ğ¸Ğ¸ Ğ¿Ñ€Ğ¾ĞµĞºÑ‚Ğ°: /home/user/test-webapp
[2025-06-27 09:06:25] Ğ¡Ğ¾Ğ·Ğ´Ğ°Ğ½Ğ¸Ğµ ÑÑ‚Ñ€ÑƒĞºÑ‚ÑƒÑ€Ñ‹ Ğ´Ğ¸Ñ€ĞµĞºÑ‚Ğ¾Ñ€Ğ¸Ğ¹
[2025-06-27 09:06:25] Ğ¡Ğ¾Ğ·Ğ´Ğ°Ğ½Ğ¸Ğµ docker-compose.yml
[2025-06-27 09:06:25] Ğ¡Ğ¾Ğ·Ğ´Ğ°Ğ½Ğ¸Ğµ .env.example
[2025-06-27 09:06:25] ĞšĞ¾Ğ¿Ğ¸Ñ€Ğ¾Ğ²Ğ°Ğ½Ğ¸Ğµ .env Ğ¸ Ğ³ĞµĞ½ĞµÑ€Ğ°Ñ†Ğ¸Ñ SECRET_KEY
[2025-06-27 09:06:25] Ğ¡Ğ¾Ğ·Ğ´Ğ°Ğ½Ğ¸Ğµ backend/Dockerfile
[2025-06-27 09:06:25] Ğ¡Ğ¾Ğ·Ğ´Ğ°Ğ½Ğ¸Ğµ backend/requirements.txt
[2025-06-27 09:06:25] Ğ¡Ğ¾Ğ·Ğ´Ğ°Ğ½Ğ¸Ğµ backend/app/main.py
[2025-06-27 09:06:25] Ğ¡Ğ¾Ğ·Ğ´Ğ°Ğ½Ğ¸Ğµ backend/app/database.py
[2025-06-27 09:06:25] Ğ¡Ğ¾Ğ·Ğ´Ğ°Ğ½Ğ¸Ğµ backend/app/models.py
[2025-06-27 09:06:25] Ğ¡Ğ¾Ğ·Ğ´Ğ°Ğ½Ğ¸Ğµ backend/app/auth.py
[2025-06-27 09:06:25] Ğ¡Ğ¾Ğ·Ğ´Ğ°Ğ½Ğ¸Ğµ backend/app/routers/user.py
[2025-06-27 09:06:25] Ğ¡Ğ¾Ğ·Ğ´Ğ°Ğ½Ğ¸Ğµ backend/app/routers/product.py
[2025-06-27 09:06:25] Ğ¡Ğ¾Ğ·Ğ´Ğ°Ğ½Ğ¸Ğµ backend/app/routers/article.py
[2025-06-27 09:06:25] Ğ¡Ğ¾Ğ·Ğ´Ğ°Ğ½Ğ¸Ğµ backend/app/routers/comment.py
[2025-06-27 09:06:25] Ğ¡Ğ¾Ğ·Ğ´Ğ°Ğ½Ğ¸Ğµ frontend/index.html
[2025-06-27 09:06:25] Ğ¡Ğ¾Ğ·Ğ´Ğ°Ğ½Ğ¸Ğµ frontend/register.html
[2025-06-27 09:06:25] Ğ¡Ğ¾Ğ·Ğ´Ğ°Ğ½Ğ¸Ğµ frontend/login.html
[2025-06-27 09:06:25] Ğ¡Ğ¾Ğ·Ğ´Ğ°Ğ½Ğ¸Ğµ frontend/products.html
[2025-06-27 09:06:25] Ğ¡Ğ¾Ğ·Ğ´Ğ°Ğ½Ğ¸Ğµ frontend/cart.html
[2025-06-27 09:06:25] Ğ¡Ğ¾Ğ·Ğ´Ğ°Ğ½Ğ¸Ğµ frontend/articles.html
[2025-06-27 09:06:25] Ğ¡Ğ¾Ğ·Ğ´Ğ°Ğ½Ğ¸Ğµ frontend/css/styles.css
[2025-06-27 09:06:25] Ğ¡Ğ¾Ğ·Ğ´Ğ°Ğ½Ğ¸Ğµ frontend/js/main.js
[2025-06-27 09:06:25] Ğ¡Ğ¾Ğ·Ğ´Ğ°Ğ½Ğ¸Ğµ frontend/js/register.js
[2025-06-27 09:06:25] Ğ¡Ğ¾Ğ·Ğ´Ğ°Ğ½Ğ¸Ğµ frontend/js/products.js
[2025-06-27 09:06:25] Ğ¡Ğ¾Ğ·Ğ´Ğ°Ğ½Ğ¸Ğµ frontend/js/cart.js
[2025-06-27 09:06:25] Ğ¡Ğ¾Ğ·Ğ´Ğ°Ğ½Ğ¸Ğµ frontend/js/articles.js
[2025-06-27 09:06:25] Ğ¡Ğ¾Ğ·Ğ´Ğ°Ğ½Ğ¸Ğµ frontend/Dockerfile
[2025-06-27 09:06:25] Ğ¡Ğ¾Ğ·Ğ´Ğ°Ğ½Ğ¸Ğµ docs/readme.md
[2025-06-27 09:06:25] Ğ¡Ğ¾Ğ·Ğ´Ğ°Ğ½Ğ¸Ğµ docs/postman_collection.json
[2025-06-27 09:06:25] Ğ—Ğ°Ğ¿ÑƒÑĞº ĞºĞ¾Ğ½Ñ‚ĞµĞ¹Ğ½ĞµÑ€Ğ¾Ğ²
Creating network "test-webapp_default" with the default driver
Pulling db (mysql:8.0)...
8.0: Pulling from library/mysql
Digest: sha256:ea507a449a36891e6712925d8ef67e208870f3cf58934d2e60abae7c406c0bc6
Status: Downloaded newer image for mysql:8.0
Building backend
#0 building with "default" instance using docker driver

#1 [internal] load build definition from Dockerfile
#1 transferring dockerfile: 233B done
#1 DONE 0.0s

#2 [internal] load metadata for docker.io/library/python:3.10-slim
#2 DONE 1.5s

#3 [internal] load .dockerignore
#3 transferring context: 2B done
#3 DONE 0.0s

#4 [internal] load build context
#4 transferring context: 19.49kB done
#4 DONE 0.0s

#5 [1/5] FROM docker.io/library/python:3.10-slim@sha256:034724ef64585eeb0e82385e9aabcbeabfe5f7cae2c2dcedb1da95114372b6d7
#5 resolve docker.io/library/python:3.10-slim@sha256:034724ef64585eeb0e82385e9aabcbeabfe5f7cae2c2dcedb1da95114372b6d7 0.0s done
#5 sha256:fd939bec23d8e9a1274d70e24db96bceed53e56612f828098f5505086a64f523 1.75kB / 1.75kB done
#5 sha256:cce3651534b6639e18fe761c0f1bc3974459853da95ebadadc607194524d77a7 5.37kB / 5.37kB done
#5 sha256:dad67da3f26bce15939543965e09c4059533b025f707aad72ed3d3f3a09c66f8 0B / 28.23MB 0.1s
#5 sha256:4b03b4f4fa5c508f2b215b45a26f6dd30b310aaa2a4a24b593f630bdf07da1a8 0B / 3.51MB 0.1s
#5 sha256:50a956a18493962b03f716b86299535ce63a1d6a1a1770be582b59f8fedb46b7 0B / 15.65MB 0.1s
#5 sha256:034724ef64585eeb0e82385e9aabcbeabfe5f7cae2c2dcedb1da95114372b6d7 9.13kB / 9.13kB done
#5 sha256:dad67da3f26bce15939543965e09c4059533b025f707aad72ed3d3f3a09c66f8 2.10MB / 28.23MB 0.5s
#5 sha256:dad67da3f26bce15939543965e09c4059533b025f707aad72ed3d3f3a09c66f8 6.29MB / 28.23MB 0.7s
#5 sha256:dad67da3f26bce15939543965e09c4059533b025f707aad72ed3d3f3a09c66f8 8.39MB / 28.23MB 0.9s
#5 sha256:4b03b4f4fa5c508f2b215b45a26f6dd30b310aaa2a4a24b593f630bdf07da1a8 1.05MB / 3.51MB 0.9s
#5 sha256:dad67da3f26bce15939543965e09c4059533b025f707aad72ed3d3f3a09c66f8 10.49MB / 28.23MB 1.2s
#5 sha256:4b03b4f4fa5c508f2b215b45a26f6dd30b310aaa2a4a24b593f630bdf07da1a8 2.10MB / 3.51MB 1.2s
#5 sha256:dad67da3f26bce15939543965e09c4059533b025f707aad72ed3d3f3a09c66f8 12.58MB / 28.23MB 1.7s
#5 sha256:4b03b4f4fa5c508f2b215b45a26f6dd30b310aaa2a4a24b593f630bdf07da1a8 3.51MB / 3.51MB 1.6s done
#5 sha256:50a956a18493962b03f716b86299535ce63a1d6a1a1770be582b59f8fedb46b7 1.05MB / 15.65MB 1.7s
#5 sha256:c14326ed6c858d7eb04960cbc1469da7ff6192285edf9bdb9d3c4cf035105826 0B / 250B 1.7s
#5 sha256:dad67da3f26bce15939543965e09c4059533b025f707aad72ed3d3f3a09c66f8 22.02MB / 28.23MB 1.9s
#5 sha256:c14326ed6c858d7eb04960cbc1469da7ff6192285edf9bdb9d3c4cf035105826 250B / 250B 2.0s done
#5 sha256:dad67da3f26bce15939543965e09c4059533b025f707aad72ed3d3f3a09c66f8 28.23MB / 28.23MB 2.2s
#5 sha256:50a956a18493962b03f716b86299535ce63a1d6a1a1770be582b59f8fedb46b7 2.10MB / 15.65MB 2.2s
#5 extracting sha256:dad67da3f26bce15939543965e09c4059533b025f707aad72ed3d3f3a09c66f8
#5 sha256:dad67da3f26bce15939543965e09c4059533b025f707aad72ed3d3f3a09c66f8 28.23MB / 28.23MB 2.2s done
#5 sha256:50a956a18493962b03f716b86299535ce63a1d6a1a1770be582b59f8fedb46b7 3.15MB / 15.65MB 2.5s
#5 sha256:50a956a18493962b03f716b86299535ce63a1d6a1a1770be582b59f8fedb46b7 4.19MB / 15.65MB 2.8s
#5 sha256:50a956a18493962b03f716b86299535ce63a1d6a1a1770be582b59f8fedb46b7 6.29MB / 15.65MB 3.1s
#5 sha256:50a956a18493962b03f716b86299535ce63a1d6a1a1770be582b59f8fedb46b7 7.34MB / 15.65MB 3.2s
#5 sha256:50a956a18493962b03f716b86299535ce63a1d6a1a1770be582b59f8fedb46b7 8.39MB / 15.65MB 3.3s
#5 sha256:50a956a18493962b03f716b86299535ce63a1d6a1a1770be582b59f8fedb46b7 11.53MB / 15.65MB 3.5s
#5 sha256:50a956a18493962b03f716b86299535ce63a1d6a1a1770be582b59f8fedb46b7 15.65MB / 15.65MB 3.7s
#5 sha256:50a956a18493962b03f716b86299535ce63a1d6a1a1770be582b59f8fedb46b7 15.65MB / 15.65MB 3.7s done
#5 extracting sha256:dad67da3f26bce15939543965e09c4059533b025f707aad72ed3d3f3a09c66f8 1.6s done
#5 extracting sha256:4b03b4f4fa5c508f2b215b45a26f6dd30b310aaa2a4a24b593f630bdf07da1a8 0.1s
#5 extracting sha256:4b03b4f4fa5c508f2b215b45a26f6dd30b310aaa2a4a24b593f630bdf07da1a8 0.1s done
#5 extracting sha256:50a956a18493962b03f716b86299535ce63a1d6a1a1770be582b59f8fedb46b7 0.1s
#5 extracting sha256:50a956a18493962b03f716b86299535ce63a1d6a1a1770be582b59f8fedb46b7 0.8s done
#5 extracting sha256:c14326ed6c858d7eb04960cbc1469da7ff6192285edf9bdb9d3c4cf035105826 done
#5 DONE 5.0s

#6 [2/5] WORKDIR /app
#6 DONE 0.0s

#7 [3/5] COPY requirements.txt .
#7 DONE 0.0s

#8 [4/5] RUN pip install --no-cache-dir -r requirements.txt
#8 1.955 Collecting fastapi==0.115.0
#8 2.281   Downloading fastapi-0.115.0-py3-none-any.whl (94 kB)
#8 2.386      â”â”â”â”â”â”â”â”â”â”â”â”â”â”â”â”â”â”â”â”â”â”â”â”â”â”â”â”â”â”â”â”â”â”â”â”â”â”â” 94.6/94.6 kB 910.9 kB/s eta 0:00:00
#8 2.521 Collecting uvicorn==0.30.6
#8 2.594   Downloading uvicorn-0.30.6-py3-none-any.whl (62 kB)
#8 2.608      â”â”â”â”â”â”â”â”â”â”â”â”â”â”â”â”â”â”â”â”â”â”â”â”â”â”â”â”â”â”â”â”â”â”â”â”â”â”â”â” 62.8/62.8 kB 5.2 MB/s eta 0:00:00
#8 3.103 Collecting pydantic==2.9.2
#8 3.173   Downloading pydantic-2.9.2-py3-none-any.whl (434 kB)
#8 3.311      â”â”â”â”â”â”â”â”â”â”â”â”â”â”â”â”â”â”â”â”â”â”â”â”â”â”â”â”â”â”â”â”â”â”â”â”â”â”â” 434.9/434.9 kB 3.2 MB/s eta 0:00:00
#8 3.529 Collecting mysql-connector-python==9.0.0
#8 3.601   Downloading mysql_connector_python-9.0.0-cp310-cp310-manylinux_2_17_x86_64.whl (19.3 MB)
#8 4.494      â”â”â”â”â”â”â”â”â”â”â”â”â”â”â”â”â”â”â”â”â”â”â”â”â”â”â”â”â”â”â”â”â”â”â”â”â”â”â”â” 19.3/19.3 MB 22.5 MB/s eta 0:00:00
#8 4.624 Collecting python-jose[cryptography]==3.3.0
#8 4.694   Downloading python_jose-3.3.0-py2.py3-none-any.whl (33 kB)
#8 4.780 Collecting passlib==1.7.4
#8 4.852   Downloading passlib-1.7.4-py2.py3-none-any.whl (525 kB)
#8 4.867      â”â”â”â”â”â”â”â”â”â”â”â”â”â”â”â”â”â”â”â”â”â”â”â”â”â”â”â”â”â”â”â”â”â”â”â”â”â” 525.6/525.6 kB 47.7 MB/s eta 0:00:00
#8 5.053 Collecting bcrypt==4.2.0
#8 5.125   Downloading bcrypt-4.2.0-cp39-abi3-manylinux_2_28_x86_64.whl (273 kB)
#8 5.133      â”â”â”â”â”â”â”â”â”â”â”â”â”â”â”â”â”â”â”â”â”â”â”â”â”â”â”â”â”â”â”â”â”â”â”â”â”â” 273.8/273.8 kB 49.8 MB/s eta 0:00:00
#8 5.239 Collecting python-dotenv==1.0.1
#8 5.309   Downloading python_dotenv-1.0.1-py3-none-any.whl (19 kB)
#8 6.392 Collecting sqlalchemy==2.0.35
#8 6.462   Downloading SQLAlchemy-2.0.35-cp310-cp310-manylinux_2_17_x86_64.manylinux2014_x86_64.whl (3.1 MB)
#8 6.553      â”â”â”â”â”â”â”â”â”â”â”â”â”â”â”â”â”â”â”â”â”â”â”â”â”â”â”â”â”â”â”â”â”â”â”â”â”â”â”â” 3.1/3.1 MB 34.7 MB/s eta 0:00:00
#8 6.772 Collecting starlette<0.39.0,>=0.37.2
#8 6.842   Downloading starlette-0.38.6-py3-none-any.whl (71 kB)
#8 6.844      â”â”â”â”â”â”â”â”â”â”â”â”â”â”â”â”â”â”â”â”â”â”â”â”â”â”â”â”â”â”â”â”â”â”â”â”â”â”â” 71.5/71.5 kB 200.2 MB/s eta 0:00:00
#8 6.948 Collecting typing-extensions>=4.8.0
#8 7.017   Downloading typing_extensions-4.14.0-py3-none-any.whl (43 kB)
#8 7.020      â”â”â”â”â”â”â”â”â”â”â”â”â”â”â”â”â”â”â”â”â”â”â”â”â”â”â”â”â”â”â”â”â”â”â”â”â”â”â” 43.8/43.8 kB 212.9 MB/s eta 0:00:00
#8 7.139 Collecting click>=7.0
#8 7.208   Downloading click-8.2.1-py3-none-any.whl (102 kB)
#8 7.212      â”â”â”â”â”â”â”â”â”â”â”â”â”â”â”â”â”â”â”â”â”â”â”â”â”â”â”â”â”â”â”â”â”â”â”â”â”â” 102.2/102.2 kB 86.8 MB/s eta 0:00:00
#8 7.303 Collecting h11>=0.8
#8 7.372   Downloading h11-0.16.0-py3-none-any.whl (37 kB)
#8 9.740 Collecting pydantic-core==2.23.4
#8 9.812   Downloading pydantic_core-2.23.4-cp310-cp310-manylinux_2_17_x86_64.manylinux2014_x86_64.whl (2.1 MB)
#8 9.872      â”â”â”â”â”â”â”â”â”â”â”â”â”â”â”â”â”â”â”â”â”â”â”â”â”â”â”â”â”â”â”â”â”â”â”â”â”â”â”â” 2.1/2.1 MB 35.6 MB/s eta 0:00:00
#8 10.00 Collecting annotated-types>=0.6.0
#8 10.07   Downloading annotated_types-0.7.0-py3-none-any.whl (13 kB)
#8 10.18 Collecting rsa
#8 10.25   Downloading rsa-4.9.1-py3-none-any.whl (34 kB)
#8 10.36 Collecting pyasn1
#8 10.43   Downloading pyasn1-0.6.1-py3-none-any.whl (83 kB)
#8 10.44      â”â”â”â”â”â”â”â”â”â”â”â”â”â”â”â”â”â”â”â”â”â”â”â”â”â”â”â”â”â”â”â”â”â”â”â”â”â”â” 83.1/83.1 kB 131.0 MB/s eta 0:00:00
#8 10.54 Collecting ecdsa!=0.15
#8 10.61   Downloading ecdsa-0.19.1-py2.py3-none-any.whl (150 kB)
#8 10.61      â”â”â”â”â”â”â”â”â”â”â”â”â”â”â”â”â”â”â”â”â”â”â”â”â”â”â”â”â”â”â”â”â”â”â”â”â”â” 150.6/150.6 kB 56.2 MB/s eta 0:00:00
#8 11.32 Collecting cryptography>=3.4.0
#8 11.39   Downloading cryptography-45.0.4-cp37-abi3-manylinux_2_34_x86_64.whl (4.5 MB)
#8 11.54      â”â”â”â”â”â”â”â”â”â”â”â”â”â”â”â”â”â”â”â”â”â”â”â”â”â”â”â”â”â”â”â”â”â”â”â”â”â”â”â” 4.5/4.5 MB 29.7 MB/s eta 0:00:00
#8 12.09 Collecting greenlet!=0.4.17
#8 12.16   Downloading greenlet-3.2.3-cp310-cp310-manylinux_2_24_x86_64.manylinux_2_28_x86_64.whl (582 kB)
#8 12.18      â”â”â”â”â”â”â”â”â”â”â”â”â”â”â”â”â”â”â”â”â”â”â”â”â”â”â”â”â”â”â”â”â”â”â”â”â”â” 582.2/582.2 kB 36.9 MB/s eta 0:00:00
#8 12.63 Collecting cffi>=1.14
#8 12.70   Downloading cffi-1.17.1-cp310-cp310-manylinux_2_17_x86_64.manylinux2014_x86_64.whl (446 kB)
#8 12.71      â”â”â”â”â”â”â”â”â”â”â”â”â”â”â”â”â”â”â”â”â”â”â”â”â”â”â”â”â”â”â”â”â”â”â”â”â”â” 446.2/446.2 kB 40.7 MB/s eta 0:00:00
#8 12.81 Collecting six>=1.9.0
#8 12.88   Downloading six-1.17.0-py2.py3-none-any.whl (11 kB)
#8 13.01 Collecting anyio<5,>=3.4.0
#8 13.08   Downloading anyio-4.9.0-py3-none-any.whl (100 kB)
#8 13.08      â”â”â”â”â”â”â”â”â”â”â”â”â”â”â”â”â”â”â”â”â”â”â”â”â”â”â”â”â”â”â”â”â”â”â”â”â” 100.9/100.9 kB 103.6 MB/s eta 0:00:00
#8 13.22 Collecting idna>=2.8
#8 13.29   Downloading idna-3.10-py3-none-any.whl (70 kB)
#8 13.29      â”â”â”â”â”â”â”â”â”â”â”â”â”â”â”â”â”â”â”â”â”â”â”â”â”â”â”â”â”â”â”â”â”â”â”â”â”â”â” 70.4/70.4 kB 171.6 MB/s eta 0:00:00
#8 13.37 Collecting sniffio>=1.1
#8 13.45   Downloading sniffio-1.3.1-py3-none-any.whl (10 kB)
#8 13.56 Collecting exceptiongroup>=1.0.2
#8 13.63   Downloading exceptiongroup-1.3.0-py3-none-any.whl (16 kB)
#8 13.72 Collecting pycparser
#8 13.79   Downloading pycparser-2.22-py3-none-any.whl (117 kB)
#8 13.80      â”â”â”â”â”â”â”â”â”â”â”â”â”â”â”â”â”â”â”â”â”â”â”â”â”â”â”â”â”â”â”â”â”â”â”â”â”â” 117.6/117.6 kB 38.8 MB/s eta 0:00:00
#8 14.13 Installing collected packages: passlib, typing-extensions, sniffio, six, python-dotenv, pycparser, pyasn1, mysql-connector-python, idna, h11, greenlet, click, bcrypt, annotated-types, uvicorn, sqlalchemy, rsa, pydantic-core, exceptiongroup, ecdsa, cffi, python-jose, pydantic, cryptography, anyio, starlette, fastapi
#8 16.85 Successfully installed annotated-types-0.7.0 anyio-4.9.0 bcrypt-4.2.0 cffi-1.17.1 click-8.2.1 cryptography-45.0.4 ecdsa-0.19.1 exceptiongroup-1.3.0 fastapi-0.115.0 greenlet-3.2.3 h11-0.16.0 idna-3.10 mysql-connector-python-9.0.0 passlib-1.7.4 pyasn1-0.6.1 pycparser-2.22 pydantic-2.9.2 pydantic-core-2.23.4 python-dotenv-1.0.1 python-jose-3.3.0 rsa-4.9.1 six-1.17.0 sniffio-1.3.1 sqlalchemy-2.0.35 starlette-0.38.6 typing-extensions-4.14.0 uvicorn-0.30.6
#8 16.85 WARNING: Running pip as the 'root' user can result in broken permissions and conflicting behaviour with the system package manager. It is recommended to use a virtual environment instead: https://pip.pypa.io/warnings/venv
#8 17.28 
#8 17.28 [notice] A new release of pip is available: 23.0.1 -> 25.1.1
#8 17.28 [notice] To update, run: pip install --upgrade pip
#8 DONE 17.7s

#9 [5/5] COPY . .
#9 DONE 0.0s

#10 exporting to image
#10 exporting layers
#10 exporting layers 0.5s done
#10 writing image sha256:72f65e976995328378e7887f9411c5bc10a36d5aee9d19d8c2b04242c32f11da
#10 writing image sha256:72f65e976995328378e7887f9411c5bc10a36d5aee9d19d8c2b04242c32f11da done
#10 naming to docker.io/library/test-webapp_backend done
#10 DONE 0.6s
Building frontend
#0 building with "default" instance using docker driver

#1 [internal] load build definition from Dockerfile
#1 transferring dockerfile: 129B done
#1 DONE 0.0s

#2 [internal] load metadata for docker.io/library/nginx:alpine
#2 DONE 1.6s

#3 [internal] load .dockerignore
#3 transferring context: 2B done
#3 DONE 0.0s

#4 [internal] load build context
#4 transferring context: 18.41kB done
#4 DONE 0.0s

#5 [1/2] FROM docker.io/library/nginx:alpine@sha256:b2e814d28359e77bd0aa5fed1939620075e4ffa0eb20423cc557b375bd5c14ad
#5 resolve docker.io/library/nginx:alpine@sha256:b2e814d28359e77bd0aa5fed1939620075e4ffa0eb20423cc557b375bd5c14ad 0.0s done
#5 sha256:b2e814d28359e77bd0aa5fed1939620075e4ffa0eb20423cc557b375bd5c14ad 10.33kB / 10.33kB done
#5 sha256:fe07684b16b82247c3539ed86a65ff37a76138ec25d380bd80c869a1a4c73236 0B / 3.80MB 0.1s
#5 sha256:3b7062d09e028c442f2b05e76286341d9b23a69a42b9ecd3d226911a5200bc86 0B / 1.81MB 0.1s
#5 sha256:6544c26a789f03b1a36e45ce8c77ea71d5d3e8d4e07c49ddceccfe0de47aa3e0 2.50kB / 2.50kB done
#5 sha256:77656422f7009bf47cd4992cb1a118af09c25bb157336478bdbf399af09e8e41 10.78kB / 10.78kB done
#5 sha256:fb746e72516f99f0b4f5204c47f8c2aa325a4a9d075769800c42548fe722b25d 0B / 627B 0.1s
#5 sha256:fe07684b16b82247c3539ed86a65ff37a76138ec25d380bd80c869a1a4c73236 2.10MB / 3.80MB 0.5s
#5 sha256:fe07684b16b82247c3539ed86a65ff37a76138ec25d380bd80c869a1a4c73236 3.80MB / 3.80MB 0.5s done
#5 extracting sha256:fe07684b16b82247c3539ed86a65ff37a76138ec25d380bd80c869a1a4c73236 0.1s
#5 sha256:a9ff9baf1741d1f2a4a5df1b44b2f09931318cb1a9201f23a01cb295e0274768 0B / 955B 0.6s
#5 sha256:3b7062d09e028c442f2b05e76286341d9b23a69a42b9ecd3d226911a5200bc86 1.81MB / 1.81MB 0.7s done
#5 sha256:fb746e72516f99f0b4f5204c47f8c2aa325a4a9d075769800c42548fe722b25d 627B / 627B 0.7s done
#5 extracting sha256:fe07684b16b82247c3539ed86a65ff37a76138ec25d380bd80c869a1a4c73236 0.2s done
#5 sha256:a9ff9baf1741d1f2a4a5df1b44b2f09931318cb1a9201f23a01cb295e0274768 955B / 955B 0.8s
#5 sha256:2c127093dfc748d5aae28bdf3d96936deb033e69cb643eeb75d6070e4333f7c4 0B / 404B 0.8s
#5 sha256:63dda2adf85bd92ed611cda1b94324396aefe5afe0b7b39a72b4ea6362c40552 0B / 1.21kB 0.8s
#5 extracting sha256:3b7062d09e028c442f2b05e76286341d9b23a69a42b9ecd3d226911a5200bc86
#5 sha256:a9ff9baf1741d1f2a4a5df1b44b2f09931318cb1a9201f23a01cb295e0274768 955B / 955B 0.8s done
#5 extracting sha256:3b7062d09e028c442f2b05e76286341d9b23a69a42b9ecd3d226911a5200bc86 0.2s done
#5 extracting sha256:fb746e72516f99f0b4f5204c47f8c2aa325a4a9d075769800c42548fe722b25d
#5 sha256:b55ed7d7b2def46fd4870c4bb5743ffd31dae1da58ffd897893978b789c62943 0B / 1.40kB 0.9s
#5 sha256:2c127093dfc748d5aae28bdf3d96936deb033e69cb643eeb75d6070e4333f7c4 404B / 404B 1.0s done
#5 sha256:63dda2adf85bd92ed611cda1b94324396aefe5afe0b7b39a72b4ea6362c40552 1.21kB / 1.21kB 1.0s done
#5 extracting sha256:fb746e72516f99f0b4f5204c47f8c2aa325a4a9d075769800c42548fe722b25d done
#5 extracting sha256:a9ff9baf1741d1f2a4a5df1b44b2f09931318cb1a9201f23a01cb295e0274768 done
#5 extracting sha256:2c127093dfc748d5aae28bdf3d96936deb033e69cb643eeb75d6070e4333f7c4
#5 sha256:92971aeb101e5e1df5c759e2cc239bdce76c34c09f356f428f4256e04039cef2 0B / 16.78MB 1.0s
#5 extracting sha256:2c127093dfc748d5aae28bdf3d96936deb033e69cb643eeb75d6070e4333f7c4 done
#5 extracting sha256:63dda2adf85bd92ed611cda1b94324396aefe5afe0b7b39a72b4ea6362c40552 done
#5 sha256:b55ed7d7b2def46fd4870c4bb5743ffd31dae1da58ffd897893978b789c62943 1.40kB / 1.40kB 1.1s done
#5 sha256:92971aeb101e5e1df5c759e2cc239bdce76c34c09f356f428f4256e04039cef2 2.10MB / 16.78MB 1.3s
#5 extracting sha256:b55ed7d7b2def46fd4870c4bb5743ffd31dae1da58ffd897893978b789c62943 done
#5 sha256:92971aeb101e5e1df5c759e2cc239bdce76c34c09f356f428f4256e04039cef2 3.15MB / 16.78MB 1.4s
#5 sha256:92971aeb101e5e1df5c759e2cc239bdce76c34c09f356f428f4256e04039cef2 5.24MB / 16.78MB 1.6s
#5 sha256:92971aeb101e5e1df5c759e2cc239bdce76c34c09f356f428f4256e04039cef2 10.49MB / 16.78MB 1.7s
#5 sha256:92971aeb101e5e1df5c759e2cc239bdce76c34c09f356f428f4256e04039cef2 11.53MB / 16.78MB 1.9s
#5 sha256:92971aeb101e5e1df5c759e2cc239bdce76c34c09f356f428f4256e04039cef2 12.58MB / 16.78MB 2.0s
#5 sha256:92971aeb101e5e1df5c759e2cc239bdce76c34c09f356f428f4256e04039cef2 15.73MB / 16.78MB 2.2s
#5 sha256:92971aeb101e5e1df5c759e2cc239bdce76c34c09f356f428f4256e04039cef2 16.78MB / 16.78MB 2.2s done
#5 extracting sha256:92971aeb101e5e1df5c759e2cc239bdce76c34c09f356f428f4256e04039cef2
#5 extracting sha256:92971aeb101e5e1df5c759e2cc239bdce76c34c09f356f428f4256e04039cef2 0.5s done
#5 DONE 3.0s

#6 [2/2] COPY . /usr/share/nginx/html
#6 DONE 0.0s

#7 exporting to image
#7 exporting layers 0.0s done
#7 writing image sha256:f001caf77f01b554a5b26efba267a26ed0af38ecb7358d6b2ec07aec720686c1 done
#7 naming to docker.io/library/test-webapp_frontend done
#7 DONE 0.0s
Pulling adminer (adminer:)...
latest: Pulling from library/adminer
Digest: sha256:730215fe535daca9a2f378c48321bc615c8f0d88668721e0eff530fa35b6e8f6
Status: Downloaded newer image for adminer:latest
Creating test-webapp_db_1 ... 
Creating test-webapp_db_1 ... done
Creating test-webapp_adminer_1 ... 
Creating test-webapp_adminer_1 ... done
Creating test-webapp_backend_1 ... 
Creating test-webapp_backend_1 ... done
Creating test-webapp_frontend_1 ... 
Creating test-webapp_frontend_1 ... done
[2025-06-27 09:07:33] ĞšĞ¾Ğ½Ñ‚ĞµĞ¹Ğ½ĞµÑ€Ñ‹ ÑƒÑĞ¿ĞµÑˆĞ½Ğ¾ Ğ·Ğ°Ğ¿ÑƒÑ‰ĞµĞ½Ñ‹
[2025-06-27 09:07:33] ĞŸÑ€Ğ¾Ğ²ĞµÑ€ĞºĞ° ÑĞ¾ÑÑ‚Ğ¾ÑĞ½Ğ¸Ñ ĞºĞ¾Ğ½Ñ‚ĞµĞ¹Ğ½ĞµÑ€Ğ¾Ğ²
         Name                       Command                  State                              Ports                       
----------------------------------------------------------------------------------------------------------------------------
test-webapp_adminer_1    entrypoint.sh docker-php-e ...   Up             0.0.0.0:8080->8080/tcp,:::8080->8080/tcp           
test-webapp_backend_1    uvicorn app.main:app --hos ...   Up             0.0.0.0:8000->8000/tcp,:::8000->8000/tcp           
test-webapp_db_1         docker-entrypoint.sh mysqld      Up (healthy)   0.0.0.0:3306->3306/tcp,:::3306->3306/tcp, 33060/tcp
test-webapp_frontend_1   /docker-entrypoint.sh ngin ...   Up             0.0.0.0:3000->80/tcp,:::3000->80/tcp               
[2025-06-27 09:08:14] Ğ’ÑĞµ ĞºĞ¾Ğ½Ñ‚ĞµĞ¹Ğ½ĞµÑ€Ñ‹ ÑƒÑĞ¿ĞµÑˆĞ½Ğ¾ Ğ·Ğ°Ğ¿ÑƒÑ‰ĞµĞ½Ñ‹
[2025-06-27 09:08:14] ĞŸÑ€Ğ¾Ğ²ĞµÑ€ĞºĞ° Ğ³Ğ¾Ñ‚Ğ¾Ğ²Ğ½Ğ¾ÑÑ‚Ğ¸ Ğ±Ğ°Ğ·Ñ‹ Ğ´Ğ°Ğ½Ğ½Ñ‹Ñ…
mysqladmin: [Warning] Using a password on the command line interface can be insecure.
mysqld is alive
[2025-06-27 09:08:14] Ğ‘Ğ°Ğ·Ğ° Ğ´Ğ°Ğ½Ğ½Ñ‹Ñ… Ğ³Ğ¾Ñ‚Ğ¾Ğ²Ğ°
[2025-06-27 09:08:14] ĞŸÑ€Ğ¾Ğ²ĞµÑ€ĞºĞ° Ğ¿Ğ¾Ğ´ĞºĞ»ÑÑ‡ĞµĞ½Ğ¸Ñ Ğº Ğ±Ğ°Ğ·Ğµ Ğ´Ğ°Ğ½Ğ½Ñ‹Ñ…
[2025-06-27 09:08:14] ĞŸĞ¾Ğ´ĞºĞ»ÑÑ‡ĞµĞ½Ğ¸Ğµ Ğº Ğ±Ğ°Ğ·Ğµ Ğ´Ğ°Ğ½Ğ½Ñ‹Ñ… ÑƒÑĞ¿ĞµÑˆĞ½Ğ¾
[2025-06-27 09:08:14] Ğ˜Ğ½Ğ¸Ñ†Ğ¸Ğ°Ğ»Ğ¸Ğ·Ğ°Ñ†Ğ¸Ñ Ğ±Ğ°Ğ·Ñ‹ Ğ´Ğ°Ğ½Ğ½Ñ‹Ñ…
Using DATABASE_URL: mysql+mysqlconnector://user:password@db:3306/test_db
[2025-06-27 09:08:15] Ğ‘Ğ°Ğ·Ğ° Ğ´Ğ°Ğ½Ğ½Ñ‹Ñ… ÑƒÑĞ¿ĞµÑˆĞ½Ğ¾ Ğ¸Ğ½Ğ¸Ñ†Ğ¸Ğ°Ğ»Ğ¸Ğ·Ğ¸Ñ€Ğ¾Ğ²Ğ°Ğ½Ğ°
[2025-06-27 09:08:15] ĞŸÑ€Ğ¾Ğ²ĞµÑ€ĞºĞ° Ğ½Ğ°Ğ»Ğ¸Ñ‡Ğ¸Ñ Ñ‚Ğ°Ğ±Ğ»Ğ¸Ñ†
mysql: [Warning] Using a password on the command line interface can be insecure.
[2025-06-27 09:08:15] ĞÑˆĞ¸Ğ±ĞºĞ°: Ğ¢Ğ°Ğ±Ğ»Ğ¸Ñ†Ğ° 'users' Ğ½Ğµ ÑĞ¾Ğ·Ğ´Ğ°Ğ½Ğ°
[2025-06-27 09:08:15] Ğ›Ğ¾Ğ³Ğ¸ Ğ¾ÑˆĞ¸Ğ±Ğ¾Ğº db:
[2025-06-27 09:08:16] Ğ›Ğ¾Ğ³Ğ¸ Ğ¾ÑˆĞ¸Ğ±Ğ¾Ğº backend:
